14.6828 	INFO 	Loaded monitor calibration from ['2025_08_12 10:43']
14.6904 	WARNING 	User requested fullscreen with size [1024  768], but screen is actually [1920, 1080]. Using actual size
15.0519 	INFO 	Using renderer 'Intel(R) Iris(R) Xe Graphics' for graphics
15.0519 	INFO 	OpenGL version supported by driver is 4..
15.0669 	EXP 	Created window1 = Window(allowGUI=False, allowStencil=False, autoLog=True, backendConf=UNKNOWN, backgroundFit=<method-wrapper '__getattribute__' of attributeSetter object at 0x000001C85C62B280>, backgroundImage=<method-wrapper '__getattribute__' of attributeSetter object at 0x000001C85C62B220>, bitsMode=UNKNOWN, blendMode='avg', bpc=(8, 8, 8), color=array([0, 0, 0]), colorSpace='rgb', depthBits=8, fullscr=True, gamma=None, gammaErrorPolicy='raise', infoMsg=UNKNOWN, lms=UNKNOWN, monitor=<psychopy.monitors.calibTools.Monitor object at 0x000001C85C712BF0>, multiSample=False, name='window1', numSamples=2, pos=[np.float64(0.0), np.float64(0.0)], screen=0, size=array([1920, 1080]), stencilBits=0, stereo=False, title='PsychoPy', units='height', useFBO=True, useRetina=False, viewOri=0.0, viewPos=None, viewScale=None, waitBlanking=True, winType='pyglet')
15.0670 	EXP 	window1: backgroundImage = ''
15.0670 	EXP 	window1: backgroundFit = 'none'
15.4272 	EXP 	window1: Attempting to measure frame rate of screen (0) ...
15.4273 	EXP 	window1: recordFrameIntervals = False
15.5630 	EXP 	window1: recordFrameIntervals = True
15.7461 	EXP 	Screen (0) actual frame rate measured at 60.06Hz
15.7462 	EXP 	window1: recordFrameIntervals = False
15.7945 	INFO 	keyboard.Keyboard is using ptb backend.
15.7946 	INFO 	keyboard.Keyboard is using ptb backend.
15.7946 	EXP 	delay _discounting: status = STARTED
15.7971 	EXP 	Created fixation = ShapeStim(__class__=<class 'psychopy.visual.shape.ShapeStim'>, anchor=('center', 'center'), autoDraw=False, autoLog=True, closeShape=True, color=method-wrapper(...), colorSpace='rgb', contrast=None, depth=0.0, draggable=False, fillColor=array([1, 1, 1]), fillColorSpace='rgb', fillRGB=array([1, 1, 1]), interpolate=True, lineColor=array([1., 1., 1.]), lineColorSpace='rgb', lineRGB=array([1, 1, 1]), lineWidth=1.0, name='fixation', opacity=1, ori=0.0, pos=array([0., 0.]), size=array([0.05, 0.05]), units='height', vertices=ndarray(...), win=Window(...), windingRule=None)
15.9407 	EXP 	Created text = TextStim(__class__=<class 'psychopy.visual.text.TextStim'>, alignHoriz=method-wrapper(...), alignText='center', alignVert=method-wrapper(...), anchorHoriz='center', anchorVert='center', antialias=True, autoDraw=False, autoLog=True, bold=False, color=array([1., 1., 1.]), colorSpace='rgb', contrast=1.0, depth=-1.0, draggable=False, flipHoriz=False, flipVert=False, font='Arial', fontFiles=[], height=0.05, italic=False, languageStyle='LTR', name='text', opacity=1, ori=0.0, pos=array([0., 0.]), rgb=UNKNOWN, text='', units='height', win=Window(...), wrapWidth=1)
0.0060 	EXP 	Imported discounting _ cond(Sheet1).csv as conditions, 7 conditions, 3 params
0.0066 	EXP 	New trial (rep=0, index=0): <Trial 0 (0 in rep 0) data={'reward_today': np.int64(40), 'future_reward': np.int64(55), 'delay': np.int64(62), 'thisN': 0, 'thisTrialN': 0, 'thisRepN': 0}>
0.0614 	EXP 	text: height = np.float64(0.05)
0.0614 	EXP 	text: height = np.float64(0.05)
0.0614 	EXP 	text: height = np.float64(0.05)
0.0614 	EXP 	text: text = 'GBP 40 today or GBP 55 after 62 days'
0.0614 	EXP 	fixation: autoDraw = True
1.0047 	INFO 	Keyboard events cleared
1.0046 	EXP 	text: autoDraw = True
1.0714 	EXP 	fixation: autoDraw = False
1.8741 	EXP 	Device response: <KeyPress from None: t=1.8562743999937084, value=l, duration=None>
1.8743 	EXP 	New trial (rep=0, index=1): <Trial 1 (1 in rep 0) data={'reward_today': np.int64(27), 'future_reward': np.int64(50), 'delay': np.int64(21), 'thisN': 1, 'thisTrialN': 1, 'thisRepN': 0}>
1.8802 	DATA 	Keypress: l
1.8876 	EXP 	fixation: autoDraw = False
1.8876 	EXP 	text: autoDraw = False
1.8876 	EXP 	text: height = np.float64(0.05)
1.8876 	EXP 	text: height = np.float64(0.05)
1.8876 	EXP 	text: height = np.float64(0.05)
1.8876 	EXP 	text: text = 'GBP 27 today or GBP 50 after 21 days'
1.8876 	EXP 	fixation: autoDraw = True
2.0213 	EXP 	Device response: <KeyPress from None: t=1.8562743999937084, value=l, duration=0.16227199998684227>
2.3213 	EXP 	Device response: <KeyPress from None: t=2.314459999994142, value=lctrl, duration=None>
2.3221 	DATA 	Keypress: lctrl
2.4216 	EXP 	Device response: <KeyPress from None: t=2.314459999994142, value=lctrl, duration=0.09346720000030473>
2.8878 	INFO 	Keyboard events cleared
2.8877 	EXP 	fixation: autoDraw = False
2.8877 	EXP 	text: autoDraw = True
3.2043 	EXP 	Device response: <KeyPress from None: t=3.2014876999892294, value=t, duration=None>
3.2045 	EXP 	New trial (rep=0, index=2): <Trial 2 (2 in rep 0) data={'reward_today': np.int64(11), 'future_reward': np.int64(30), 'delay': np.int64(7), 'thisN': 2, 'thisTrialN': 2, 'thisRepN': 0}>
3.2099 	DATA 	Keypress: t
3.2205 	EXP 	fixation: autoDraw = False
3.2205 	EXP 	text: autoDraw = False
3.2205 	EXP 	text: height = np.float64(0.05)
3.2205 	EXP 	text: height = np.float64(0.05)
3.2205 	EXP 	text: height = np.float64(0.05)
3.2205 	EXP 	text: text = 'GBP 11 today or GBP 30 after 7 days'
3.2205 	EXP 	fixation: autoDraw = True
3.4380 	EXP 	Device response: <KeyPress from None: t=3.2014876999892294, value=t, duration=0.22130219999235123>
4.2040 	INFO 	Keyboard events cleared
4.2038 	EXP 	text: autoDraw = True
4.2206 	EXP 	fixation: autoDraw = False
4.5209 	EXP 	Device response: <KeyPress from None: t=4.5164967000018805, value=l, duration=None>
4.5213 	EXP 	New trial (rep=0, index=3): <Trial 3 (3 in rep 0) data={'reward_today': np.int64(78), 'future_reward': np.int64(80), 'delay': np.int64(162), 'thisN': 3, 'thisTrialN': 3, 'thisRepN': 0}>
4.5296 	DATA 	Keypress: l
4.5370 	EXP 	fixation: autoDraw = False
4.5370 	EXP 	text: autoDraw = False
4.5370 	EXP 	text: height = np.float64(0.05)
4.5370 	EXP 	text: height = np.float64(0.05)
4.5370 	EXP 	text: height = np.float64(0.05)
4.5370 	EXP 	text: text = 'GBP 78 today or GBP 80 after 162 days'
4.5370 	EXP 	fixation: autoDraw = True
4.7376 	EXP 	Device response: <KeyPress from None: t=4.5164967000018805, value=l, duration=0.2092891999927815>
5.5367 	INFO 	Keyboard events cleared
5.5366 	EXP 	fixation: autoDraw = False
5.5366 	EXP 	text: autoDraw = True
5.9202 	EXP 	Device response: <KeyPress from None: t=5.911289299983764, value=t, duration=None>
5.9206 	EXP 	New trial (rep=0, index=4): <Trial 4 (4 in rep 0) data={'reward_today': np.int64(67), 'future_reward': np.int64(75), 'delay': np.int64(119), 'thisN': 4, 'thisTrialN': 4, 'thisRepN': 0}>
5.9270 	DATA 	Keypress: t
5.9365 	EXP 	fixation: autoDraw = False
5.9365 	EXP 	text: autoDraw = False
5.9365 	EXP 	text: height = np.float64(0.05)
5.9365 	EXP 	text: height = np.float64(0.05)
5.9365 	EXP 	text: height = np.float64(0.05)
5.9365 	EXP 	text: text = 'GBP 67 today or GBP 75 after 119 days'
5.9365 	EXP 	fixation: autoDraw = True
6.1371 	EXP 	Device response: <KeyPress from None: t=5.911289299983764, value=t, duration=0.2098085000179708>
6.9199 	INFO 	Keyboard events cleared
6.9197 	EXP 	text: autoDraw = True
6.9362 	EXP 	fixation: autoDraw = False
7.2700 	EXP 	Device response: <KeyPress from None: t=7.259408199985046, value=l, duration=None>
7.2703 	EXP 	New trial (rep=0, index=5): <Trial 5 (5 in rep 0) data={'reward_today': np.int64(49), 'future_reward': np.int64(60), 'delay': np.int64(89), 'thisN': 5, 'thisTrialN': 5, 'thisRepN': 0}>
7.2762 	DATA 	Keypress: l
7.2861 	EXP 	fixation: autoDraw = False
7.2861 	EXP 	text: autoDraw = False
7.2861 	EXP 	text: height = np.float64(0.05)
7.2861 	EXP 	text: height = np.float64(0.05)
7.2861 	EXP 	text: height = np.float64(0.05)
7.2861 	EXP 	text: text = 'GBP 49 today or GBP 60 after 89 days'
7.2861 	EXP 	fixation: autoDraw = True
7.4532 	EXP 	Device response: <KeyPress from None: t=7.259408199985046, value=l, duration=0.1821596999943722>
8.2694 	INFO 	Keyboard events cleared
8.2692 	EXP 	text: autoDraw = True
8.2859 	EXP 	fixation: autoDraw = False
8.5696 	EXP 	Device response: <KeyPress from None: t=8.566190799989272, value=t, duration=None>
8.5700 	EXP 	New trial (rep=0, index=6): <Trial 6 (6 in rep 0) data={'reward_today': np.int64(15), 'future_reward': np.int64(35), 'delay': np.int64(13), 'thisN': 6, 'thisTrialN': 6, 'thisRepN': 0}>
8.5738 	DATA 	Keypress: t
8.5856 	EXP 	fixation: autoDraw = False
8.5856 	EXP 	text: autoDraw = False
8.5856 	EXP 	text: height = np.float64(0.05)
8.5856 	EXP 	text: height = np.float64(0.05)
8.5856 	EXP 	text: height = np.float64(0.05)
8.5856 	EXP 	text: text = 'GBP 15 today or GBP 35 after 13 days'
8.5856 	EXP 	fixation: autoDraw = True
8.7695 	EXP 	Device response: <KeyPress from None: t=8.566190799989272, value=t, duration=0.18963899998925626>
9.5857 	INFO 	Keyboard events cleared
9.5855 	EXP 	fixation: autoDraw = False
9.5855 	EXP 	text: autoDraw = True
10.1020 	EXP 	Device response: <KeyPress from None: t=10.086940099979984, value=l, duration=None>
10.1021 	EXP 	New trial (rep=1, index=0): <Trial 7 (0 in rep 1) data={'reward_today': np.int64(15), 'future_reward': np.int64(35), 'delay': np.int64(13), 'thisN': 7, 'thisTrialN': 0, 'thisRepN': 1}>
10.1027 	DATA 	Keypress: l
10.1184 	EXP 	fixation: autoDraw = False
10.1184 	EXP 	text: autoDraw = False
10.1184 	EXP 	text: text = 'GBP 15 today or GBP 35 after 13 days'
10.1184 	EXP 	fixation: autoDraw = True
10.2187 	EXP 	Device response: <KeyPress from None: t=10.086940099979984, value=l, duration=0.1274775000056252>
11.1017 	INFO 	Keyboard events cleared
11.1015 	EXP 	text: autoDraw = True
11.1180 	EXP 	fixation: autoDraw = False
11.3852 	EXP 	Device response: <KeyPress from None: t=11.384292400005506, value=t, duration=None>
11.3856 	EXP 	New trial (rep=1, index=1): <Trial 8 (1 in rep 1) data={'reward_today': np.int64(11), 'future_reward': np.int64(30), 'delay': np.int64(7), 'thisN': 8, 'thisTrialN': 1, 'thisRepN': 1}>
11.3908 	DATA 	Keypress: t
11.4012 	EXP 	fixation: autoDraw = False
11.4012 	EXP 	text: autoDraw = False
11.4012 	EXP 	text: height = np.float64(0.05)
11.4012 	EXP 	text: height = np.float64(0.05)
11.4012 	EXP 	text: height = np.float64(0.05)
11.4012 	EXP 	text: text = 'GBP 11 today or GBP 30 after 7 days'
11.4012 	EXP 	fixation: autoDraw = True
11.6180 	EXP 	Device response: <KeyPress from None: t=11.384292400005506, value=t, duration=0.22096479998435825>
12.4011 	INFO 	Keyboard events cleared
12.4010 	EXP 	fixation: autoDraw = False
12.4010 	EXP 	text: autoDraw = True
12.7180 	EXP 	Device response: <KeyPress from None: t=12.70556149998447, value=l, duration=None>
12.7183 	EXP 	New trial (rep=1, index=2): <Trial 9 (2 in rep 1) data={'reward_today': np.int64(40), 'future_reward': np.int64(55), 'delay': np.int64(62), 'thisN': 9, 'thisTrialN': 2, 'thisRepN': 1}>
12.7248 	DATA 	Keypress: l
12.7340 	EXP 	fixation: autoDraw = False
12.7340 	EXP 	text: autoDraw = False
12.7340 	EXP 	text: height = np.float64(0.05)
12.7340 	EXP 	text: height = np.float64(0.05)
12.7340 	EXP 	text: height = np.float64(0.05)
12.7340 	EXP 	text: text = 'GBP 40 today or GBP 55 after 62 days'
12.7340 	EXP 	fixation: autoDraw = True
12.8847 	EXP 	Device response: <KeyPress from None: t=12.70556149998447, value=l, duration=0.16674139999668114>
13.7343 	INFO 	Keyboard events cleared
13.7341 	EXP 	fixation: autoDraw = False
13.7341 	EXP 	text: autoDraw = True
14.0177 	EXP 	Device response: <KeyPress from None: t=14.005729399999836, value=t, duration=None>
14.0180 	EXP 	New trial (rep=1, index=3): <Trial 10 (3 in rep 1) data={'reward_today': np.int64(27), 'future_reward': np.int64(50), 'delay': np.int64(21), 'thisN': 10, 'thisTrialN': 3, 'thisRepN': 1}>
14.0232 	DATA 	Keypress: t
14.0336 	EXP 	fixation: autoDraw = False
14.0336 	EXP 	text: autoDraw = False
14.0336 	EXP 	text: height = np.float64(0.05)
14.0336 	EXP 	text: height = np.float64(0.05)
14.0336 	EXP 	text: height = np.float64(0.05)
14.0336 	EXP 	text: text = 'GBP 27 today or GBP 50 after 21 days'
14.0336 	EXP 	fixation: autoDraw = True
14.2342 	EXP 	Device response: <KeyPress from None: t=14.005729399999836, value=t, duration=0.2207526999991387>
15.0172 	INFO 	Keyboard events cleared
15.0170 	EXP 	text: autoDraw = True
15.0337 	EXP 	fixation: autoDraw = False
15.3006 	EXP 	Device response: <KeyPress from None: t=15.293596499977866, value=l, duration=None>
15.3009 	EXP 	New trial (rep=1, index=4): <Trial 11 (4 in rep 1) data={'reward_today': np.int64(49), 'future_reward': np.int64(60), 'delay': np.int64(89), 'thisN': 11, 'thisTrialN': 4, 'thisRepN': 1}>
15.3080 	DATA 	Keypress: l
15.3163 	EXP 	fixation: autoDraw = False
15.3163 	EXP 	text: autoDraw = False
15.3163 	EXP 	text: height = np.float64(0.05)
15.3163 	EXP 	text: height = np.float64(0.05)
15.3163 	EXP 	text: height = np.float64(0.05)
15.3163 	EXP 	text: text = 'GBP 49 today or GBP 60 after 89 days'
15.3163 	EXP 	fixation: autoDraw = True
15.4671 	EXP 	Device response: <KeyPress from None: t=15.293596499977866, value=l, duration=0.16090940000140108>
16.3000 	INFO 	Keyboard events cleared
16.2999 	EXP 	text: autoDraw = True
16.3165 	EXP 	fixation: autoDraw = False
16.5670 	EXP 	Device response: <KeyPress from None: t=16.566043200000422, value=t, duration=None>
16.5674 	EXP 	New trial (rep=1, index=5): <Trial 12 (5 in rep 1) data={'reward_today': np.int64(78), 'future_reward': np.int64(80), 'delay': np.int64(162), 'thisN': 12, 'thisTrialN': 5, 'thisRepN': 1}>
16.5730 	DATA 	Keypress: t
16.5827 	EXP 	fixation: autoDraw = False
16.5827 	EXP 	text: autoDraw = False
16.5827 	EXP 	text: height = np.float64(0.05)
16.5827 	EXP 	text: height = np.float64(0.05)
16.5827 	EXP 	text: height = np.float64(0.05)
16.5827 	EXP 	text: text = 'GBP 78 today or GBP 80 after 162 days'
16.5827 	EXP 	fixation: autoDraw = True
16.7834 	EXP 	Device response: <KeyPress from None: t=16.566043200000422, value=t, duration=0.2102561999927275>
17.5829 	INFO 	Keyboard events cleared
17.5827 	EXP 	fixation: autoDraw = False
17.5827 	EXP 	text: autoDraw = True
17.9662 	EXP 	Device response: <KeyPress from None: t=17.952860299992608, value=l, duration=None>
17.9667 	EXP 	New trial (rep=1, index=6): <Trial 13 (6 in rep 1) data={'reward_today': np.int64(67), 'future_reward': np.int64(75), 'delay': np.int64(119), 'thisN': 13, 'thisTrialN': 6, 'thisRepN': 1}>
17.9719 	DATA 	Keypress: l
17.9824 	EXP 	fixation: autoDraw = False
17.9824 	EXP 	text: autoDraw = False
17.9824 	EXP 	text: height = np.float64(0.05)
17.9824 	EXP 	text: height = np.float64(0.05)
17.9824 	EXP 	text: height = np.float64(0.05)
17.9824 	EXP 	text: text = 'GBP 67 today or GBP 75 after 119 days'
17.9824 	EXP 	fixation: autoDraw = True
18.1161 	EXP 	Device response: <KeyPress from None: t=17.952860299992608, value=l, duration=0.15158040000824258>
18.9658 	INFO 	Keyboard events cleared
18.9656 	EXP 	text: autoDraw = True
18.9823 	EXP 	fixation: autoDraw = False
19.1820 	EXP 	Device response: <KeyPress from None: t=19.179048299993156, value=t, duration=None>
19.1821 	EXP 	New trial (rep=2, index=0): <Trial 14 (0 in rep 2) data={'reward_today': np.int64(15), 'future_reward': np.int64(35), 'delay': np.int64(13), 'thisN': 14, 'thisTrialN': 0, 'thisRepN': 2}>
19.1852 	DATA 	Keypress: t
19.1987 	EXP 	fixation: autoDraw = False
19.1987 	EXP 	text: autoDraw = False
19.1987 	EXP 	text: height = np.float64(0.05)
19.1987 	EXP 	text: height = np.float64(0.05)
19.1987 	EXP 	text: height = np.float64(0.05)
19.1987 	EXP 	text: text = 'GBP 15 today or GBP 35 after 13 days'
19.1987 	EXP 	fixation: autoDraw = True
19.3825 	EXP 	Device response: <KeyPress from None: t=19.179048299993156, value=t, duration=0.1871326999971643>
20.1822 	INFO 	Keyboard events cleared
20.1820 	EXP 	text: autoDraw = True
20.1986 	EXP 	fixation: autoDraw = False
20.6322 	EXP 	Device response: <KeyPress from None: t=20.624728399998276, value=l, duration=None>
20.6325 	EXP 	New trial (rep=2, index=1): <Trial 15 (1 in rep 2) data={'reward_today': np.int64(27), 'future_reward': np.int64(50), 'delay': np.int64(21), 'thisN': 15, 'thisTrialN': 1, 'thisRepN': 2}>
20.6396 	DATA 	Keypress: l
20.6481 	EXP 	fixation: autoDraw = False
20.6481 	EXP 	text: autoDraw = False
20.6481 	EXP 	text: height = np.float64(0.05)
20.6481 	EXP 	text: height = np.float64(0.05)
20.6481 	EXP 	text: height = np.float64(0.05)
20.6481 	EXP 	text: text = 'GBP 27 today or GBP 50 after 21 days'
20.6481 	EXP 	fixation: autoDraw = True
20.7821 	EXP 	Device response: <KeyPress from None: t=20.624728399998276, value=l, duration=0.14387219998752698>
21.6483 	INFO 	Keyboard events cleared
21.6481 	EXP 	fixation: autoDraw = False
21.6481 	EXP 	text: autoDraw = True
21.7345 	DATA 	Keypress: t
21.7485 	EXP 	Device response: <KeyPress from None: t=21.732694999984233, value=t, duration=None>
21.7488 	EXP 	New trial (rep=2, index=2): <Trial 16 (2 in rep 2) data={'reward_today': np.int64(67), 'future_reward': np.int64(75), 'delay': np.int64(119), 'thisN': 16, 'thisTrialN': 2, 'thisRepN': 2}>
21.7645 	EXP 	fixation: autoDraw = False
21.7645 	EXP 	text: autoDraw = False
21.7645 	EXP 	text: height = np.float64(0.05)
21.7645 	EXP 	text: height = np.float64(0.05)
21.7645 	EXP 	text: height = np.float64(0.05)
21.7645 	EXP 	text: text = 'GBP 67 today or GBP 75 after 119 days'
21.7645 	EXP 	fixation: autoDraw = True
21.9650 	EXP 	Device response: <KeyPress from None: t=21.732694999984233, value=t, duration=0.22104699999908917>
22.7644 	INFO 	Keyboard events cleared
22.7643 	EXP 	fixation: autoDraw = False
22.7643 	EXP 	text: autoDraw = True
23.0479 	EXP 	Device response: <KeyPress from None: t=23.03522069999599, value=l, duration=None>
23.0483 	EXP 	New trial (rep=2, index=3): <Trial 17 (3 in rep 2) data={'reward_today': np.int64(40), 'future_reward': np.int64(55), 'delay': np.int64(62), 'thisN': 17, 'thisTrialN': 3, 'thisRepN': 2}>
23.0533 	DATA 	Keypress: l
23.0640 	EXP 	fixation: autoDraw = False
23.0640 	EXP 	text: autoDraw = False
23.0640 	EXP 	text: height = np.float64(0.05)
23.0640 	EXP 	text: height = np.float64(0.05)
23.0640 	EXP 	text: height = np.float64(0.05)
23.0640 	EXP 	text: text = 'GBP 40 today or GBP 55 after 62 days'
23.0640 	EXP 	fixation: autoDraw = True
23.1980 	EXP 	Device response: <KeyPress from None: t=23.03522069999599, value=l, duration=0.15893249999498948>
24.0477 	INFO 	Keyboard events cleared
24.0475 	EXP 	text: autoDraw = True
24.0638 	EXP 	fixation: autoDraw = False
24.2974 	EXP 	Device response: <KeyPress from None: t=24.296329399978276, value=t, duration=None>
24.2977 	EXP 	New trial (rep=2, index=4): <Trial 18 (4 in rep 2) data={'reward_today': np.int64(78), 'future_reward': np.int64(80), 'delay': np.int64(162), 'thisN': 18, 'thisTrialN': 4, 'thisRepN': 2}>
24.3037 	DATA 	Keypress: t
24.3135 	EXP 	fixation: autoDraw = False
24.3135 	EXP 	text: autoDraw = False
24.3135 	EXP 	text: height = np.float64(0.05)
24.3135 	EXP 	text: height = np.float64(0.05)
24.3135 	EXP 	text: height = np.float64(0.05)
24.3135 	EXP 	text: text = 'GBP 78 today or GBP 80 after 162 days'
24.3135 	EXP 	fixation: autoDraw = True
24.5140 	EXP 	Device response: <KeyPress from None: t=24.296329399978276, value=t, duration=0.2162419000233058>
25.2971 	INFO 	Keyboard events cleared
25.2969 	EXP 	text: autoDraw = True
25.3134 	EXP 	fixation: autoDraw = False
25.6469 	EXP 	Device response: <KeyPress from None: t=25.633582499984186, value=l, duration=None>
25.6473 	EXP 	New trial (rep=2, index=5): <Trial 19 (5 in rep 2) data={'reward_today': np.int64(49), 'future_reward': np.int64(60), 'delay': np.int64(89), 'thisN': 19, 'thisTrialN': 5, 'thisRepN': 2}>
25.6527 	DATA 	Keypress: l
25.6630 	EXP 	fixation: autoDraw = False
25.6630 	EXP 	text: autoDraw = False
25.6630 	EXP 	text: height = np.float64(0.05)
25.6630 	EXP 	text: height = np.float64(0.05)
25.6630 	EXP 	text: height = np.float64(0.05)
25.6630 	EXP 	text: text = 'GBP 49 today or GBP 60 after 89 days'
25.6630 	EXP 	fixation: autoDraw = True
25.8137 	EXP 	Device response: <KeyPress from None: t=25.633582499984186, value=l, duration=0.1770816000062041>
26.6467 	INFO 	Keyboard events cleared
26.6465 	EXP 	text: autoDraw = True
26.6628 	EXP 	fixation: autoDraw = False
26.8967 	EXP 	Device response: <KeyPress from None: t=26.884486599999946, value=t, duration=None>
26.8970 	EXP 	New trial (rep=2, index=6): <Trial 20 (6 in rep 2) data={'reward_today': np.int64(11), 'future_reward': np.int64(30), 'delay': np.int64(7), 'thisN': 20, 'thisTrialN': 6, 'thisRepN': 2}>
26.9035 	DATA 	Keypress: t
26.9126 	EXP 	fixation: autoDraw = False
26.9126 	EXP 	text: autoDraw = False
26.9126 	EXP 	text: height = np.float64(0.05)
26.9126 	EXP 	text: height = np.float64(0.05)
26.9126 	EXP 	text: height = np.float64(0.05)
26.9126 	EXP 	text: text = 'GBP 11 today or GBP 30 after 7 days'
26.9126 	EXP 	fixation: autoDraw = True
27.1296 	EXP 	Device response: <KeyPress from None: t=26.884486599999946, value=t, duration=0.2388327999797184>
27.8963 	INFO 	Keyboard events cleared
27.8961 	EXP 	text: autoDraw = True
27.9126 	EXP 	fixation: autoDraw = False
28.1957 	EXP 	Device response: <KeyPress from None: t=28.184741499979282, value=l, duration=None>
28.1959 	EXP 	New trial (rep=3, index=0): <Trial 21 (0 in rep 3) data={'reward_today': np.int64(15), 'future_reward': np.int64(35), 'delay': np.int64(13), 'thisN': 21, 'thisTrialN': 0, 'thisRepN': 3}>
28.1987 	DATA 	Keypress: l
28.2121 	EXP 	fixation: autoDraw = False
28.2121 	EXP 	text: autoDraw = False
28.2121 	EXP 	text: height = np.float64(0.05)
28.2121 	EXP 	text: height = np.float64(0.05)
28.2121 	EXP 	text: height = np.float64(0.05)
28.2121 	EXP 	text: text = 'GBP 15 today or GBP 35 after 13 days'
28.2121 	EXP 	fixation: autoDraw = True
28.4127 	EXP 	Device response: <KeyPress from None: t=28.184741499979282, value=l, duration=0.22114290000172332>
29.1624 	EXP 	Device response: <KeyPress from None: t=29.156798099982552, value=t, duration=None>
29.1635 	DATA 	Keypress: t
29.1956 	INFO 	Keyboard events cleared
29.1955 	EXP 	text: autoDraw = True
29.2119 	EXP 	fixation: autoDraw = False
29.4291 	EXP 	Device response: <KeyPress from None: t=29.156798099982552, value=t, duration=0.2617785000184085>
30.1949 	EXP 	text: autoDraw = False
30.4285 	EXP 	Device response: <KeyPress from None: t=30.41474959999323, value=l, duration=None>
30.4288 	EXP 	New trial (rep=3, index=1): <Trial 22 (1 in rep 3) data={'reward_today': np.int64(27), 'future_reward': np.int64(50), 'delay': np.int64(21), 'thisN': 22, 'thisTrialN': 1, 'thisRepN': 3}>
30.4317 	DATA 	Keypress: l
30.4447 	EXP 	fixation: autoDraw = False
30.4447 	EXP 	text: autoDraw = False
30.4447 	EXP 	text: height = np.float64(0.05)
30.4447 	EXP 	text: height = np.float64(0.05)
30.4447 	EXP 	text: height = np.float64(0.05)
30.4447 	EXP 	text: text = 'GBP 27 today or GBP 50 after 21 days'
30.4447 	EXP 	fixation: autoDraw = True
30.6454 	EXP 	Device response: <KeyPress from None: t=30.41474959999323, value=l, duration=0.22384220000822097>
31.4282 	INFO 	Keyboard events cleared
31.4281 	EXP 	text: autoDraw = True
31.4446 	EXP 	fixation: autoDraw = False
31.7117 	EXP 	Device response: <KeyPress from None: t=31.705892400001176, value=t, duration=None>
31.7120 	EXP 	New trial (rep=3, index=2): <Trial 23 (2 in rep 3) data={'reward_today': np.int64(49), 'future_reward': np.int64(60), 'delay': np.int64(89), 'thisN': 23, 'thisTrialN': 2, 'thisRepN': 3}>
31.7191 	DATA 	Keypress: t
31.7276 	EXP 	fixation: autoDraw = False
31.7276 	EXP 	text: autoDraw = False
31.7276 	EXP 	text: height = np.float64(0.05)
31.7276 	EXP 	text: height = np.float64(0.05)
31.7276 	EXP 	text: height = np.float64(0.05)
31.7276 	EXP 	text: text = 'GBP 49 today or GBP 60 after 89 days'
31.7276 	EXP 	fixation: autoDraw = True
31.9114 	EXP 	Device response: <KeyPress from None: t=31.705892400001176, value=t, duration=0.20134929998312145>
32.7275 	INFO 	Keyboard events cleared
32.7273 	EXP 	fixation: autoDraw = False
32.7273 	EXP 	text: autoDraw = True
32.9642 	DATA 	Keypress: l
32.9780 	EXP 	Device response: <KeyPress from None: t=32.96196789998794, value=l, duration=None>
32.9783 	EXP 	New trial (rep=3, index=3): <Trial 24 (3 in rep 3) data={'reward_today': np.int64(40), 'future_reward': np.int64(55), 'delay': np.int64(62), 'thisN': 24, 'thisTrialN': 3, 'thisRepN': 3}>
32.9941 	EXP 	fixation: autoDraw = False
32.9941 	EXP 	text: autoDraw = False
32.9941 	EXP 	text: height = np.float64(0.05)
32.9941 	EXP 	text: height = np.float64(0.05)
32.9941 	EXP 	text: height = np.float64(0.05)
32.9941 	EXP 	text: text = 'GBP 40 today or GBP 55 after 62 days'
32.9941 	EXP 	fixation: autoDraw = True
33.1612 	EXP 	Device response: <KeyPress from None: t=32.96196789998794, value=l, duration=0.18892790001700632>
33.9941 	INFO 	Keyboard events cleared
33.9939 	EXP 	fixation: autoDraw = False
33.9939 	EXP 	text: autoDraw = True
34.1442 	EXP 	Device response: <KeyPress from None: t=34.14347129999078, value=t, duration=None>
34.1445 	EXP 	New trial (rep=3, index=4): <Trial 25 (4 in rep 3) data={'reward_today': np.int64(11), 'future_reward': np.int64(30), 'delay': np.int64(7), 'thisN': 25, 'thisTrialN': 4, 'thisRepN': 3}>
34.1507 	DATA 	Keypress: t
34.1601 	EXP 	fixation: autoDraw = False
34.1601 	EXP 	text: autoDraw = False
34.1601 	EXP 	text: height = np.float64(0.05)
34.1601 	EXP 	text: height = np.float64(0.05)
34.1601 	EXP 	text: height = np.float64(0.05)
34.1601 	EXP 	text: text = 'GBP 11 today or GBP 30 after 7 days'
34.1601 	EXP 	fixation: autoDraw = True
34.3776 	EXP 	Device response: <KeyPress from None: t=34.14347129999078, value=t, duration=0.23314039999968372>
35.1434 	INFO 	Keyboard events cleared
35.1433 	EXP 	text: autoDraw = True
35.1601 	EXP 	fixation: autoDraw = False
35.2939 	EXP 	Device response: <KeyPress from None: t=35.2835167000012, value=l, duration=None>
35.2943 	EXP 	New trial (rep=3, index=5): <Trial 26 (5 in rep 3) data={'reward_today': np.int64(78), 'future_reward': np.int64(80), 'delay': np.int64(162), 'thisN': 26, 'thisTrialN': 5, 'thisRepN': 3}>
35.3009 	DATA 	Keypress: l
35.3097 	EXP 	fixation: autoDraw = False
35.3097 	EXP 	text: autoDraw = False
35.3097 	EXP 	text: height = np.float64(0.05)
35.3097 	EXP 	text: height = np.float64(0.05)
35.3097 	EXP 	text: height = np.float64(0.05)
35.3097 	EXP 	text: text = 'GBP 78 today or GBP 80 after 162 days'
35.3097 	EXP 	fixation: autoDraw = True
35.4939 	EXP 	Device response: <KeyPress from None: t=35.2835167000012, value=l, duration=0.198085899988655>
36.3098 	INFO 	Keyboard events cleared
36.3097 	EXP 	fixation: autoDraw = False
36.3097 	EXP 	text: autoDraw = True
36.4266 	EXP 	Device response: <KeyPress from None: t=36.41420879997895, value=t, duration=None>
36.4270 	EXP 	New trial (rep=3, index=6): <Trial 27 (6 in rep 3) data={'reward_today': np.int64(67), 'future_reward': np.int64(75), 'delay': np.int64(119), 'thisN': 27, 'thisTrialN': 6, 'thisRepN': 3}>
36.4325 	DATA 	Keypress: t
36.4427 	EXP 	fixation: autoDraw = False
36.4427 	EXP 	text: autoDraw = False
36.4427 	EXP 	text: height = np.float64(0.05)
36.4427 	EXP 	text: height = np.float64(0.05)
36.4427 	EXP 	text: height = np.float64(0.05)
36.4427 	EXP 	text: text = 'GBP 67 today or GBP 75 after 119 days'
36.4427 	EXP 	fixation: autoDraw = True
36.6600 	EXP 	Device response: <KeyPress from None: t=36.41420879997895, value=t, duration=0.23891250000451691>
37.4430 	INFO 	Keyboard events cleared
37.4428 	EXP 	fixation: autoDraw = False
37.4428 	EXP 	text: autoDraw = True
37.5597 	EXP 	Device response: <KeyPress from None: t=37.55362759999116, value=l, duration=None>
37.5602 	EXP 	New trial (rep=4, index=0): <Trial 28 (0 in rep 4) data={'reward_today': np.int64(78), 'future_reward': np.int64(80), 'delay': np.int64(162), 'thisN': 28, 'thisTrialN': 0, 'thisRepN': 4}>
37.5666 	DATA 	Keypress: l
37.5757 	EXP 	fixation: autoDraw = False
37.5757 	EXP 	text: autoDraw = False
37.5757 	EXP 	text: height = np.float64(0.05)
37.5757 	EXP 	text: height = np.float64(0.05)
37.5757 	EXP 	text: height = np.float64(0.05)
37.5757 	EXP 	text: text = 'GBP 78 today or GBP 80 after 162 days'
37.5757 	EXP 	fixation: autoDraw = True
37.7595 	EXP 	Device response: <KeyPress from None: t=37.55362759999116, value=l, duration=0.20038160000694916>
38.5757 	INFO 	Keyboard events cleared
38.5755 	EXP 	fixation: autoDraw = False
38.5755 	EXP 	text: autoDraw = True
38.6427 	EXP 	Device response: <KeyPress from None: t=38.64135439999518, value=t, duration=None>
38.6430 	EXP 	New trial (rep=4, index=1): <Trial 29 (1 in rep 4) data={'reward_today': np.int64(49), 'future_reward': np.int64(60), 'delay': np.int64(89), 'thisN': 29, 'thisTrialN': 1, 'thisRepN': 4}>
38.6496 	DATA 	Keypress: t
38.6586 	EXP 	fixation: autoDraw = False
38.6586 	EXP 	text: autoDraw = False
38.6586 	EXP 	text: height = np.float64(0.05)
38.6586 	EXP 	text: height = np.float64(0.05)
38.6586 	EXP 	text: height = np.float64(0.05)
38.6586 	EXP 	text: text = 'GBP 49 today or GBP 60 after 89 days'
38.6586 	EXP 	fixation: autoDraw = True
38.8586 	EXP 	Device response: <KeyPress from None: t=38.64135439999518, value=t, duration=0.20984679998946376>
39.6585 	INFO 	Keyboard events cleared
39.6582 	EXP 	fixation: autoDraw = False
39.6582 	EXP 	text: autoDraw = True
39.6599 	DATA 	Keypress: l
40.6580 	EXP 	text: autoDraw = False
41.7417 	EXP 	Device response: <KeyPress from None: t=41.728895599982934, value=l, duration=None>
41.7420 	EXP 	New trial (rep=4, index=2): <Trial 30 (2 in rep 4) data={'reward_today': np.int64(15), 'future_reward': np.int64(35), 'delay': np.int64(13), 'thisN': 30, 'thisTrialN': 2, 'thisRepN': 4}>
41.7471 	DATA 	Keypress: l
41.7576 	EXP 	fixation: autoDraw = False
41.7576 	EXP 	text: autoDraw = False
41.7576 	EXP 	text: height = np.float64(0.05)
41.7576 	EXP 	text: height = np.float64(0.05)
41.7576 	EXP 	text: height = np.float64(0.05)
41.7576 	EXP 	text: text = 'GBP 15 today or GBP 35 after 13 days'
41.7576 	EXP 	fixation: autoDraw = True
41.8911 	EXP 	Device response: <KeyPress from None: t=41.728895599982934, value=l, duration=0.15464930000598542>
42.7577 	INFO 	Keyboard events cleared
42.7575 	EXP 	fixation: autoDraw = False
42.7575 	EXP 	text: autoDraw = True
43.0409 	EXP 	Device response: <KeyPress from None: t=43.0319169999857, value=t, duration=None>
43.0410 	EXP 	New trial (rep=4, index=3): <Trial 31 (3 in rep 4) data={'reward_today': np.int64(40), 'future_reward': np.int64(55), 'delay': np.int64(62), 'thisN': 31, 'thisTrialN': 3, 'thisRepN': 4}>
43.0440 	DATA 	Keypress: t
43.0570 	EXP 	fixation: autoDraw = False
43.0570 	EXP 	text: autoDraw = False
43.0570 	EXP 	text: height = np.float64(0.05)
43.0570 	EXP 	text: height = np.float64(0.05)
43.0570 	EXP 	text: height = np.float64(0.05)
43.0570 	EXP 	text: text = 'GBP 40 today or GBP 55 after 62 days'
43.0570 	EXP 	fixation: autoDraw = True
43.2412 	EXP 	Device response: <KeyPress from None: t=43.0319169999857, value=t, duration=0.20550539999385364>
44.0408 	INFO 	Keyboard events cleared
44.0406 	EXP 	text: autoDraw = True
44.0568 	EXP 	fixation: autoDraw = False
44.3573 	EXP 	Device response: <KeyPress from None: t=44.355046699987724, value=l, duration=None>
44.3577 	EXP 	New trial (rep=4, index=4): <Trial 32 (4 in rep 4) data={'reward_today': np.int64(11), 'future_reward': np.int64(30), 'delay': np.int64(7), 'thisN': 32, 'thisTrialN': 4, 'thisRepN': 4}>
44.3623 	DATA 	Keypress: l
44.3734 	EXP 	fixation: autoDraw = False
44.3734 	EXP 	text: autoDraw = False
44.3734 	EXP 	text: height = np.float64(0.05)
44.3734 	EXP 	text: height = np.float64(0.05)
44.3734 	EXP 	text: height = np.float64(0.05)
44.3734 	EXP 	text: text = 'GBP 11 today or GBP 30 after 7 days'
44.3734 	EXP 	fixation: autoDraw = True
44.5074 	EXP 	Device response: <KeyPress from None: t=44.355046699987724, value=l, duration=0.14344449999043718>
45.3567 	INFO 	Keyboard events cleared
45.3566 	EXP 	text: autoDraw = True
45.3734 	EXP 	fixation: autoDraw = False
45.5571 	EXP 	Device response: <KeyPress from None: t=45.544854899984784, value=t, duration=None>
45.5575 	EXP 	New trial (rep=4, index=5): <Trial 33 (5 in rep 4) data={'reward_today': np.int64(27), 'future_reward': np.int64(50), 'delay': np.int64(21), 'thisN': 33, 'thisTrialN': 5, 'thisRepN': 4}>
45.5611 	DATA 	Keypress: t
45.5730 	EXP 	fixation: autoDraw = False
45.5730 	EXP 	text: autoDraw = False
45.5730 	EXP 	text: height = np.float64(0.05)
45.5730 	EXP 	text: height = np.float64(0.05)
45.5730 	EXP 	text: height = np.float64(0.05)
45.5730 	EXP 	text: text = 'GBP 27 today or GBP 50 after 21 days'
45.5730 	EXP 	fixation: autoDraw = True
45.7069 	EXP 	Device response: <KeyPress from None: t=45.544854899984784, value=t, duration=0.16104080001241527>
46.5729 	INFO 	Keyboard events cleared
46.5728 	EXP 	fixation: autoDraw = False
46.5728 	EXP 	text: autoDraw = True
46.6399 	EXP 	Device response: <KeyPress from None: t=46.63730780000333, value=l, duration=None>
46.6402 	EXP 	New trial (rep=4, index=6): <Trial 34 (6 in rep 4) data={'reward_today': np.int64(67), 'future_reward': np.int64(75), 'delay': np.int64(119), 'thisN': 34, 'thisTrialN': 6, 'thisRepN': 4}>
46.6454 	DATA 	Keypress: l
46.6558 	EXP 	fixation: autoDraw = False
46.6558 	EXP 	text: autoDraw = False
46.6558 	EXP 	text: height = np.float64(0.05)
46.6558 	EXP 	text: height = np.float64(0.05)
46.6558 	EXP 	text: height = np.float64(0.05)
46.6558 	EXP 	text: text = 'GBP 67 today or GBP 75 after 119 days'
46.6558 	EXP 	fixation: autoDraw = True
46.7899 	EXP 	Device response: <KeyPress from None: t=46.63730780000333, value=l, duration=0.14015999998082407>
47.5726 	EXP 	Device response: <KeyPress from None: t=47.56517429999076, value=t, duration=None>
47.5733 	DATA 	Keypress: t
47.6558 	INFO 	Keyboard events cleared
47.6556 	EXP 	fixation: autoDraw = False
47.6556 	EXP 	text: autoDraw = True
47.7392 	EXP 	Device response: <KeyPress from None: t=47.56517429999076, value=t, duration=0.17053000000305474>
48.6554 	EXP 	text: autoDraw = False
48.7892 	EXP 	Device response: <KeyPress from None: t=48.7821914999804, value=l, duration=None>
48.7896 	EXP 	New trial (rep=5, index=0): <Trial 35 (0 in rep 5) data={'reward_today': np.int64(11), 'future_reward': np.int64(30), 'delay': np.int64(7), 'thisN': 35, 'thisTrialN': 0, 'thisRepN': 5}>
48.7967 	DATA 	Keypress: l
48.8051 	EXP 	fixation: autoDraw = False
48.8051 	EXP 	text: autoDraw = False
48.8051 	EXP 	text: height = np.float64(0.05)
48.8051 	EXP 	text: height = np.float64(0.05)
48.8051 	EXP 	text: height = np.float64(0.05)
48.8051 	EXP 	text: text = 'GBP 11 today or GBP 30 after 7 days'
48.8051 	EXP 	fixation: autoDraw = True
48.9559 	EXP 	Device response: <KeyPress from None: t=48.7821914999804, value=l, duration=0.16090810002060607>
49.7889 	EXP 	Device response: <KeyPress from None: t=49.780004300002474, value=t, duration=None>
49.7904 	DATA 	Keypress: t
49.8050 	INFO 	Keyboard events cleared
49.8049 	EXP 	fixation: autoDraw = False
49.8049 	EXP 	text: autoDraw = True
49.9723 	EXP 	Device response: <KeyPress from None: t=49.780004300002474, value=t, duration=0.18412389999139123>
50.8047 	EXP 	text: autoDraw = False
50.9061 	DATA 	Keypress: l
50.9217 	EXP 	Device response: <KeyPress from None: t=50.905532000004314, value=l, duration=None>
50.9222 	EXP 	New trial (rep=5, index=1): <Trial 36 (1 in rep 5) data={'reward_today': np.int64(15), 'future_reward': np.int64(35), 'delay': np.int64(13), 'thisN': 36, 'thisTrialN': 1, 'thisRepN': 5}>
50.9378 	EXP 	fixation: autoDraw = False
50.9378 	EXP 	text: autoDraw = False
50.9378 	EXP 	text: height = np.float64(0.05)
50.9378 	EXP 	text: height = np.float64(0.05)
50.9378 	EXP 	text: height = np.float64(0.05)
50.9378 	EXP 	text: text = 'GBP 15 today or GBP 35 after 13 days'
50.9378 	EXP 	fixation: autoDraw = True
51.1385 	EXP 	Device response: <KeyPress from None: t=50.905532000004314, value=l, duration=0.21643989998847246>
51.9213 	INFO 	Keyboard events cleared
51.9212 	EXP 	text: autoDraw = True
51.9378 	EXP 	fixation: autoDraw = False
52.0382 	EXP 	Device response: <KeyPress from None: t=52.03147099999478, value=t, duration=None>
52.0386 	EXP 	New trial (rep=5, index=2): <Trial 37 (2 in rep 5) data={'reward_today': np.int64(27), 'future_reward': np.int64(50), 'delay': np.int64(21), 'thisN': 37, 'thisTrialN': 2, 'thisRepN': 5}>
52.0424 	DATA 	Keypress: t
52.0541 	EXP 	fixation: autoDraw = False
52.0541 	EXP 	text: autoDraw = False
52.0541 	EXP 	text: height = np.float64(0.05)
52.0541 	EXP 	text: height = np.float64(0.05)
52.0541 	EXP 	text: height = np.float64(0.05)
52.0541 	EXP 	text: text = 'GBP 27 today or GBP 50 after 21 days'
52.0541 	EXP 	fixation: autoDraw = True
52.1715 	EXP 	Device response: <KeyPress from None: t=52.03147099999478, value=t, duration=0.13481399999000132>
53.0376 	INFO 	Keyboard events cleared
53.0374 	EXP 	text: autoDraw = True
53.0540 	EXP 	fixation: autoDraw = False
53.1708 	EXP 	Device response: <KeyPress from None: t=53.16363490000367, value=l, duration=None>
53.1711 	EXP 	New trial (rep=5, index=3): <Trial 38 (3 in rep 5) data={'reward_today': np.int64(78), 'future_reward': np.int64(80), 'delay': np.int64(162), 'thisN': 38, 'thisTrialN': 3, 'thisRepN': 5}>
53.1755 	DATA 	Keypress: l
53.1870 	EXP 	fixation: autoDraw = False
53.1870 	EXP 	text: autoDraw = False
53.1870 	EXP 	text: height = np.float64(0.05)
53.1870 	EXP 	text: height = np.float64(0.05)
53.1870 	EXP 	text: height = np.float64(0.05)
53.1870 	EXP 	text: text = 'GBP 78 today or GBP 80 after 162 days'
53.1870 	EXP 	fixation: autoDraw = True
53.3876 	EXP 	Device response: <KeyPress from None: t=53.16363490000367, value=l, duration=0.22059769998304546>
54.1706 	INFO 	Keyboard events cleared
54.1704 	EXP 	text: autoDraw = True
54.1873 	EXP 	fixation: autoDraw = False
54.4371 	EXP 	Device response: <KeyPress from None: t=54.429558399977395, value=t, duration=None>
54.4375 	EXP 	New trial (rep=5, index=4): <Trial 39 (4 in rep 5) data={'reward_today': np.int64(67), 'future_reward': np.int64(75), 'delay': np.int64(119), 'thisN': 39, 'thisTrialN': 4, 'thisRepN': 5}>
54.4427 	DATA 	Keypress: t
54.4533 	EXP 	fixation: autoDraw = False
54.4533 	EXP 	text: autoDraw = False
54.4533 	EXP 	text: height = np.float64(0.05)
54.4533 	EXP 	text: height = np.float64(0.05)
54.4533 	EXP 	text: height = np.float64(0.05)
54.4533 	EXP 	text: text = 'GBP 67 today or GBP 75 after 119 days'
54.4533 	EXP 	fixation: autoDraw = True
54.6374 	EXP 	Device response: <KeyPress from None: t=54.429558399977395, value=t, duration=0.19497450001654215>
55.4366 	INFO 	Keyboard events cleared
55.4364 	EXP 	text: autoDraw = True
55.4531 	EXP 	fixation: autoDraw = False
55.8701 	EXP 	Device response: <KeyPress from None: t=55.862955499993404, value=l, duration=None>
55.8704 	EXP 	New trial (rep=5, index=5): <Trial 40 (5 in rep 5) data={'reward_today': np.int64(40), 'future_reward': np.int64(55), 'delay': np.int64(62), 'thisN': 40, 'thisTrialN': 5, 'thisRepN': 5}>
55.8733 	DATA 	Keypress: l
55.8862 	EXP 	fixation: autoDraw = False
55.8862 	EXP 	text: autoDraw = False
55.8862 	EXP 	text: height = np.float64(0.05)
55.8862 	EXP 	text: height = np.float64(0.05)
55.8862 	EXP 	text: height = np.float64(0.05)
55.8862 	EXP 	text: text = 'GBP 40 today or GBP 55 after 62 days'
55.8862 	EXP 	fixation: autoDraw = True
56.0535 	EXP 	Device response: <KeyPress from None: t=55.862955499993404, value=l, duration=0.17795469998964109>
56.8863 	INFO 	Keyboard events cleared
56.8862 	EXP 	fixation: autoDraw = False
56.8862 	EXP 	text: autoDraw = True
56.9532 	EXP 	Device response: <KeyPress from None: t=56.952344799996354, value=t, duration=None>
56.9535 	EXP 	New trial (rep=5, index=6): <Trial 41 (6 in rep 5) data={'reward_today': np.int64(49), 'future_reward': np.int64(60), 'delay': np.int64(89), 'thisN': 41, 'thisTrialN': 6, 'thisRepN': 5}>
56.9595 	DATA 	Keypress: t
56.9690 	EXP 	fixation: autoDraw = False
56.9690 	EXP 	text: autoDraw = False
56.9690 	EXP 	text: height = np.float64(0.05)
56.9690 	EXP 	text: height = np.float64(0.05)
56.9690 	EXP 	text: height = np.float64(0.05)
56.9690 	EXP 	text: text = 'GBP 49 today or GBP 60 after 89 days'
56.9690 	EXP 	fixation: autoDraw = True
57.2032 	EXP 	Device response: <KeyPress from None: t=56.952344799996354, value=t, duration=0.2435127999924589>
57.9526 	INFO 	Keyboard events cleared
57.9525 	EXP 	text: autoDraw = True
57.9692 	EXP 	fixation: autoDraw = False
58.3694 	EXP 	Device response: <KeyPress from None: t=58.35745889999089, value=l, duration=None>
58.3698 	EXP 	New trial (rep=6, index=0): <Trial 42 (0 in rep 6) data={'reward_today': np.int64(67), 'future_reward': np.int64(75), 'delay': np.int64(119), 'thisN': 42, 'thisTrialN': 0, 'thisRepN': 6}>
58.3750 	DATA 	Keypress: l
58.3853 	EXP 	fixation: autoDraw = False
58.3853 	EXP 	text: autoDraw = False
58.3853 	EXP 	text: height = np.float64(0.05)
58.3853 	EXP 	text: height = np.float64(0.05)
58.3853 	EXP 	text: height = np.float64(0.05)
58.3853 	EXP 	text: text = 'GBP 67 today or GBP 75 after 119 days'
58.3853 	EXP 	fixation: autoDraw = True
58.5692 	EXP 	Device response: <KeyPress from None: t=58.35745889999089, value=l, duration=0.20341749998624437>
59.3689 	INFO 	Keyboard events cleared
59.3687 	EXP 	text: autoDraw = True
59.3853 	EXP 	fixation: autoDraw = False
59.4690 	EXP 	Device response: <KeyPress from None: t=59.46664329999476, value=t, duration=None>
59.4693 	EXP 	New trial (rep=6, index=1): <Trial 43 (1 in rep 6) data={'reward_today': np.int64(49), 'future_reward': np.int64(60), 'delay': np.int64(89), 'thisN': 43, 'thisTrialN': 1, 'thisRepN': 6}>
59.4745 	DATA 	Keypress: t
59.4851 	EXP 	fixation: autoDraw = False
59.4851 	EXP 	text: autoDraw = False
59.4851 	EXP 	text: height = np.float64(0.05)
59.4851 	EXP 	text: height = np.float64(0.05)
59.4851 	EXP 	text: height = np.float64(0.05)
59.4851 	EXP 	text: text = 'GBP 49 today or GBP 60 after 89 days'
59.4851 	EXP 	fixation: autoDraw = True
59.6689 	EXP 	Device response: <KeyPress from None: t=59.46664329999476, value=t, duration=0.19408739998470992>
60.4683 	INFO 	Keyboard events cleared
60.4681 	EXP 	text: autoDraw = True
60.4850 	EXP 	fixation: autoDraw = False
60.8017 	EXP 	Device response: <KeyPress from None: t=60.79911890000221, value=l, duration=None>
60.8021 	EXP 	New trial (rep=6, index=2): <Trial 44 (2 in rep 6) data={'reward_today': np.int64(78), 'future_reward': np.int64(80), 'delay': np.int64(162), 'thisN': 44, 'thisTrialN': 2, 'thisRepN': 6}>
60.8088 	DATA 	Keypress: l
60.8178 	EXP 	fixation: autoDraw = False
60.8178 	EXP 	text: autoDraw = False
60.8178 	EXP 	text: height = np.float64(0.05)
60.8178 	EXP 	text: height = np.float64(0.05)
60.8178 	EXP 	text: height = np.float64(0.05)
60.8178 	EXP 	text: text = 'GBP 78 today or GBP 80 after 162 days'
60.8178 	EXP 	fixation: autoDraw = True
60.9852 	EXP 	Device response: <KeyPress from None: t=60.79911890000221, value=l, duration=0.18258299998706207>
61.8012 	INFO 	Keyboard events cleared
61.8011 	EXP 	text: autoDraw = True
61.8177 	EXP 	fixation: autoDraw = False
62.0681 	EXP 	Device response: <KeyPress from None: t=62.064435799984494, value=t, duration=None>
62.0685 	EXP 	New trial (rep=6, index=3): <Trial 45 (3 in rep 6) data={'reward_today': np.int64(40), 'future_reward': np.int64(55), 'delay': np.int64(62), 'thisN': 45, 'thisTrialN': 3, 'thisRepN': 6}>
62.0766 	DATA 	Keypress: t
62.0841 	EXP 	fixation: autoDraw = False
62.0841 	EXP 	text: autoDraw = False
62.0841 	EXP 	text: height = np.float64(0.05)
62.0841 	EXP 	text: height = np.float64(0.05)
62.0841 	EXP 	text: height = np.float64(0.05)
62.0841 	EXP 	text: text = 'GBP 40 today or GBP 55 after 62 days'
62.0841 	EXP 	fixation: autoDraw = True
62.3509 	EXP 	Device response: <KeyPress from None: t=62.064435799984494, value=t, duration=0.27038420000462793>
63.0842 	INFO 	Keyboard events cleared
63.0841 	EXP 	fixation: autoDraw = False
63.0841 	EXP 	text: autoDraw = True
63.5173 	EXP 	Device response: <KeyPress from None: t=63.516858199989656, value=l, duration=None>
63.5175 	EXP 	New trial (rep=6, index=4): <Trial 46 (4 in rep 6) data={'reward_today': np.int64(15), 'future_reward': np.int64(35), 'delay': np.int64(13), 'thisN': 46, 'thisTrialN': 4, 'thisRepN': 6}>
63.5206 	DATA 	Keypress: l
63.5337 	EXP 	fixation: autoDraw = False
63.5337 	EXP 	text: autoDraw = False
63.5337 	EXP 	text: height = np.float64(0.05)
63.5337 	EXP 	text: height = np.float64(0.05)
63.5337 	EXP 	text: height = np.float64(0.05)
63.5337 	EXP 	text: text = 'GBP 15 today or GBP 35 after 13 days'
63.5337 	EXP 	fixation: autoDraw = True
63.7175 	EXP 	Device response: <KeyPress from None: t=63.516858199989656, value=l, duration=0.1940205999999307>
64.5170 	INFO 	Keyboard events cleared
64.5168 	EXP 	text: autoDraw = True
64.5337 	EXP 	fixation: autoDraw = False
64.6172 	EXP 	Device response: <KeyPress from None: t=64.60560329997679, value=t, duration=None>
64.6176 	EXP 	New trial (rep=6, index=5): <Trial 47 (5 in rep 6) data={'reward_today': np.int64(27), 'future_reward': np.int64(50), 'delay': np.int64(21), 'thisN': 47, 'thisTrialN': 5, 'thisRepN': 6}>
64.6253 	DATA 	Keypress: t
64.6332 	EXP 	fixation: autoDraw = False
64.6332 	EXP 	text: autoDraw = False
64.6332 	EXP 	text: height = np.float64(0.05)
64.6332 	EXP 	text: height = np.float64(0.05)
64.6332 	EXP 	text: height = np.float64(0.05)
64.6332 	EXP 	text: text = 'GBP 27 today or GBP 50 after 21 days'
64.6332 	EXP 	fixation: autoDraw = True
64.8002 	EXP 	Device response: <KeyPress from None: t=64.60560329997679, value=t, duration=0.19223740001325496>
65.6167 	INFO 	Keyboard events cleared
65.6165 	EXP 	text: autoDraw = True
65.6332 	EXP 	fixation: autoDraw = False
65.9336 	EXP 	Device response: <KeyPress from None: t=65.92422019998776, value=l, duration=None>
65.9340 	EXP 	New trial (rep=6, index=6): <Trial 48 (6 in rep 6) data={'reward_today': np.int64(11), 'future_reward': np.int64(30), 'delay': np.int64(7), 'thisN': 48, 'thisTrialN': 6, 'thisRepN': 6}>
65.9407 	DATA 	Keypress: l
65.9495 	EXP 	fixation: autoDraw = False
65.9495 	EXP 	text: autoDraw = False
65.9495 	EXP 	text: height = np.float64(0.05)
65.9495 	EXP 	text: height = np.float64(0.05)
65.9495 	EXP 	text: height = np.float64(0.05)
65.9495 	EXP 	text: text = 'GBP 11 today or GBP 30 after 7 days'
65.9495 	EXP 	fixation: autoDraw = True
66.1504 	EXP 	Device response: <KeyPress from None: t=65.92422019998776, value=l, duration=0.2200297999952454>
66.9490 	INFO 	Keyboard events cleared
66.9489 	EXP 	fixation: autoDraw = False
66.9489 	EXP 	text: autoDraw = True
67.0663 	EXP 	Device response: <KeyPress from None: t=67.05493459998979, value=t, duration=None>
67.0666 	EXP 	New trial (rep=7, index=0): <Trial 49 (0 in rep 7) data={'reward_today': np.int64(27), 'future_reward': np.int64(50), 'delay': np.int64(21), 'thisN': 49, 'thisTrialN': 0, 'thisRepN': 7}>
67.0735 	DATA 	Keypress: t
67.0825 	EXP 	fixation: autoDraw = False
67.0825 	EXP 	text: autoDraw = False
67.0825 	EXP 	text: height = np.float64(0.05)
67.0825 	EXP 	text: height = np.float64(0.05)
67.0825 	EXP 	text: height = np.float64(0.05)
67.0825 	EXP 	text: text = 'GBP 27 today or GBP 50 after 21 days'
67.0825 	EXP 	fixation: autoDraw = True
67.2332 	EXP 	Device response: <KeyPress from None: t=67.05493459998979, value=t, duration=0.17716130000189878>
68.0822 	INFO 	Keyboard events cleared
68.0821 	EXP 	fixation: autoDraw = False
68.0821 	EXP 	text: autoDraw = True
68.3161 	EXP 	Device response: <KeyPress from None: t=68.30927569998312, value=l, duration=None>
68.3165 	EXP 	New trial (rep=7, index=1): <Trial 50 (1 in rep 7) data={'reward_today': np.int64(11), 'future_reward': np.int64(30), 'delay': np.int64(7), 'thisN': 50, 'thisTrialN': 1, 'thisRepN': 7}>
68.3232 	DATA 	Keypress: l
68.3319 	EXP 	fixation: autoDraw = False
68.3319 	EXP 	text: autoDraw = False
68.3319 	EXP 	text: height = np.float64(0.05)
68.3319 	EXP 	text: height = np.float64(0.05)
68.3319 	EXP 	text: height = np.float64(0.05)
68.3319 	EXP 	text: text = 'GBP 11 today or GBP 30 after 7 days'
68.3319 	EXP 	fixation: autoDraw = True
68.5327 	EXP 	Device response: <KeyPress from None: t=68.30927569998312, value=l, duration=0.20905520001542754>
69.3322 	INFO 	Keyboard events cleared
69.3320 	EXP 	fixation: autoDraw = False
69.3320 	EXP 	text: autoDraw = True
69.3989 	EXP 	Device response: <KeyPress from None: t=69.39204199999222, value=t, duration=None>
69.3992 	EXP 	New trial (rep=7, index=2): <Trial 51 (2 in rep 7) data={'reward_today': np.int64(40), 'future_reward': np.int64(55), 'delay': np.int64(62), 'thisN': 51, 'thisTrialN': 2, 'thisRepN': 7}>
69.4062 	DATA 	Keypress: t
69.4149 	EXP 	fixation: autoDraw = False
69.4149 	EXP 	text: autoDraw = False
69.4149 	EXP 	text: height = np.float64(0.05)
69.4149 	EXP 	text: height = np.float64(0.05)
69.4149 	EXP 	text: height = np.float64(0.05)
69.4149 	EXP 	text: text = 'GBP 40 today or GBP 55 after 62 days'
69.4149 	EXP 	fixation: autoDraw = True
69.5824 	EXP 	Device response: <KeyPress from None: t=69.39204199999222, value=t, duration=0.17739490000531077>
70.4149 	INFO 	Keyboard events cleared
70.4148 	EXP 	fixation: autoDraw = False
70.4148 	EXP 	text: autoDraw = True
70.5653 	EXP 	Device response: <KeyPress from None: t=70.56195169998682, value=l, duration=None>
70.5657 	EXP 	New trial (rep=7, index=3): <Trial 52 (3 in rep 7) data={'reward_today': np.int64(49), 'future_reward': np.int64(60), 'delay': np.int64(89), 'thisN': 52, 'thisTrialN': 3, 'thisRepN': 7}>
70.5719 	DATA 	Keypress: l
70.5812 	EXP 	fixation: autoDraw = False
70.5812 	EXP 	text: autoDraw = False
70.5812 	EXP 	text: height = np.float64(0.05)
70.5812 	EXP 	text: height = np.float64(0.05)
70.5812 	EXP 	text: height = np.float64(0.05)
70.5812 	EXP 	text: text = 'GBP 49 today or GBP 60 after 89 days'
70.5812 	EXP 	fixation: autoDraw = True
70.7651 	EXP 	Device response: <KeyPress from None: t=70.56195169998682, value=l, duration=0.18793290000758134>
71.5813 	INFO 	Keyboard events cleared
71.5811 	EXP 	fixation: autoDraw = False
71.5811 	EXP 	text: autoDraw = True
71.6148 	EXP 	Device response: <KeyPress from None: t=71.60559419999481, value=t, duration=None>
71.6151 	EXP 	New trial (rep=7, index=4): <Trial 53 (4 in rep 7) data={'reward_today': np.int64(78), 'future_reward': np.int64(80), 'delay': np.int64(162), 'thisN': 53, 'thisTrialN': 4, 'thisRepN': 7}>
71.6213 	DATA 	Keypress: t
71.6309 	EXP 	fixation: autoDraw = False
71.6309 	EXP 	text: autoDraw = False
71.6309 	EXP 	text: height = np.float64(0.05)
71.6309 	EXP 	text: height = np.float64(0.05)
71.6309 	EXP 	text: height = np.float64(0.05)
71.6309 	EXP 	text: text = 'GBP 78 today or GBP 80 after 162 days'
71.6309 	EXP 	fixation: autoDraw = True
71.8314 	EXP 	Device response: <KeyPress from None: t=71.60559419999481, value=t, duration=0.22192979999817908>
72.6307 	INFO 	Keyboard events cleared
72.6305 	EXP 	fixation: autoDraw = False
72.6305 	EXP 	text: autoDraw = True
72.6315 	DATA 	Keypress: l
73.6144 	EXP 	Device response: <KeyPress from None: t=73.60913409999921, value=l, duration=None>
73.6147 	EXP 	New trial (rep=7, index=5): <Trial 54 (5 in rep 7) data={'reward_today': np.int64(15), 'future_reward': np.int64(35), 'delay': np.int64(13), 'thisN': 54, 'thisTrialN': 5, 'thisRepN': 7}>
73.6219 	DATA 	Keypress: l
73.6302 	EXP 	text: autoDraw = False
73.6302 	EXP 	fixation: autoDraw = False
73.6302 	EXP 	text: autoDraw = False
73.6302 	EXP 	text: height = np.float64(0.05)
73.6302 	EXP 	text: height = np.float64(0.05)
73.6302 	EXP 	text: height = np.float64(0.05)
73.6302 	EXP 	text: text = 'GBP 15 today or GBP 35 after 13 days'
73.6302 	EXP 	fixation: autoDraw = True
73.8139 	EXP 	Device response: <KeyPress from None: t=73.60913409999921, value=l, duration=0.20106979997945018>
74.6304 	INFO 	Keyboard events cleared
74.6302 	EXP 	fixation: autoDraw = False
74.6302 	EXP 	text: autoDraw = True
75.0304 	EXP 	Device response: <KeyPress from None: t=75.0251256999909, value=t, duration=None>
75.0307 	EXP 	New trial (rep=7, index=6): <Trial 55 (6 in rep 7) data={'reward_today': np.int64(67), 'future_reward': np.int64(75), 'delay': np.int64(119), 'thisN': 55, 'thisTrialN': 6, 'thisRepN': 7}>
75.0379 	DATA 	Keypress: t
75.0463 	EXP 	fixation: autoDraw = False
75.0463 	EXP 	text: autoDraw = False
75.0463 	EXP 	text: height = np.float64(0.05)
75.0463 	EXP 	text: height = np.float64(0.05)
75.0463 	EXP 	text: height = np.float64(0.05)
75.0463 	EXP 	text: text = 'GBP 67 today or GBP 75 after 119 days'
75.0463 	EXP 	fixation: autoDraw = True
75.2138 	EXP 	Device response: <KeyPress from None: t=75.0251256999909, value=t, duration=0.18782110000029206>
76.0461 	INFO 	Keyboard events cleared
76.0459 	EXP 	fixation: autoDraw = False
76.0459 	EXP 	text: autoDraw = True
76.2298 	EXP 	Device response: <KeyPress from None: t=76.22727740000119, value=l, duration=None>
76.2302 	EXP 	New trial (rep=8, index=0): <Trial 56 (0 in rep 8) data={'reward_today': np.int64(78), 'future_reward': np.int64(80), 'delay': np.int64(162), 'thisN': 56, 'thisTrialN': 0, 'thisRepN': 8}>
76.2381 	DATA 	Keypress: l
76.2460 	EXP 	fixation: autoDraw = False
76.2460 	EXP 	text: autoDraw = False
76.2460 	EXP 	text: height = np.float64(0.05)
76.2460 	EXP 	text: height = np.float64(0.05)
76.2460 	EXP 	text: height = np.float64(0.05)
76.2460 	EXP 	text: text = 'GBP 78 today or GBP 80 after 162 days'
76.2460 	EXP 	fixation: autoDraw = True
76.4467 	EXP 	Device response: <KeyPress from None: t=76.22727740000119, value=l, duration=0.2042747999948915>
77.2460 	INFO 	Keyboard events cleared
77.2458 	EXP 	fixation: autoDraw = False
77.2458 	EXP 	text: autoDraw = True
77.3297 	EXP 	Device response: <KeyPress from None: t=77.32350479997694, value=t, duration=None>
77.3301 	EXP 	New trial (rep=8, index=1): <Trial 57 (1 in rep 8) data={'reward_today': np.int64(40), 'future_reward': np.int64(55), 'delay': np.int64(62), 'thisN': 57, 'thisTrialN': 1, 'thisRepN': 8}>
77.3370 	DATA 	Keypress: t
77.3455 	EXP 	fixation: autoDraw = False
77.3455 	EXP 	text: autoDraw = False
77.3455 	EXP 	text: height = np.float64(0.05)
77.3455 	EXP 	text: height = np.float64(0.05)
77.3455 	EXP 	text: height = np.float64(0.05)
77.3455 	EXP 	text: text = 'GBP 40 today or GBP 55 after 62 days'
77.3455 	EXP 	fixation: autoDraw = True
77.5630 	EXP 	Device response: <KeyPress from None: t=77.32350479997694, value=t, duration=0.22792220002156682>
78.3453 	INFO 	Keyboard events cleared
78.3452 	EXP 	fixation: autoDraw = False
78.3452 	EXP 	text: autoDraw = True
78.6295 	EXP 	Device response: <KeyPress from None: t=78.62861029998749, value=l, duration=None>
78.6299 	EXP 	New trial (rep=8, index=2): <Trial 58 (2 in rep 8) data={'reward_today': np.int64(27), 'future_reward': np.int64(50), 'delay': np.int64(21), 'thisN': 58, 'thisTrialN': 2, 'thisRepN': 8}>
78.6363 	DATA 	Keypress: l
78.6451 	EXP 	fixation: autoDraw = False
78.6451 	EXP 	text: autoDraw = False
78.6451 	EXP 	text: height = np.float64(0.05)
78.6451 	EXP 	text: height = np.float64(0.05)
78.6451 	EXP 	text: height = np.float64(0.05)
78.6451 	EXP 	text: text = 'GBP 27 today or GBP 50 after 21 days'
78.6451 	EXP 	fixation: autoDraw = True
78.8793 	EXP 	Device response: <KeyPress from None: t=78.62861029998749, value=l, duration=0.23999339999863878>
79.6452 	INFO 	Keyboard events cleared
79.6451 	EXP 	fixation: autoDraw = False
79.6451 	EXP 	text: autoDraw = True
79.7290 	EXP 	Device response: <KeyPress from None: t=79.72307670000009, value=t, duration=None>
79.7294 	EXP 	New trial (rep=8, index=3): <Trial 59 (3 in rep 8) data={'reward_today': np.int64(49), 'future_reward': np.int64(60), 'delay': np.int64(89), 'thisN': 59, 'thisTrialN': 3, 'thisRepN': 8}>
79.7367 	DATA 	Keypress: t
79.7447 	EXP 	fixation: autoDraw = False
79.7447 	EXP 	text: autoDraw = False
79.7447 	EXP 	text: height = np.float64(0.05)
79.7447 	EXP 	text: height = np.float64(0.05)
79.7447 	EXP 	text: height = np.float64(0.05)
79.7447 	EXP 	text: text = 'GBP 49 today or GBP 60 after 89 days'
79.7447 	EXP 	fixation: autoDraw = True
79.9786 	EXP 	Device response: <KeyPress from None: t=79.72307670000009, value=t, duration=0.2546006999909878>
80.7449 	INFO 	Keyboard events cleared
80.7447 	EXP 	fixation: autoDraw = False
80.7447 	EXP 	text: autoDraw = True
81.0451 	EXP 	Device response: <KeyPress from None: t=81.03482459997758, value=l, duration=None>
81.0454 	EXP 	New trial (rep=8, index=4): <Trial 60 (4 in rep 8) data={'reward_today': np.int64(67), 'future_reward': np.int64(75), 'delay': np.int64(119), 'thisN': 60, 'thisTrialN': 4, 'thisRepN': 8}>
81.0512 	DATA 	Keypress: l
81.0610 	EXP 	fixation: autoDraw = False
81.0610 	EXP 	text: autoDraw = False
81.0610 	EXP 	text: height = np.float64(0.05)
81.0610 	EXP 	text: height = np.float64(0.05)
81.0610 	EXP 	text: height = np.float64(0.05)
81.0610 	EXP 	text: text = 'GBP 67 today or GBP 75 after 119 days'
81.0610 	EXP 	fixation: autoDraw = True
81.2285 	EXP 	Device response: <KeyPress from None: t=81.03482459997758, value=l, duration=0.18753930000821128>
82.0612 	INFO 	Keyboard events cleared
82.0610 	EXP 	fixation: autoDraw = False
82.0610 	EXP 	text: autoDraw = True
82.4972 	DATA 	Keypress: t
82.5113 	EXP 	Device response: <KeyPress from None: t=82.4959697999875, value=t, duration=None>
82.5116 	EXP 	New trial (rep=8, index=5): <Trial 61 (5 in rep 8) data={'reward_today': np.int64(11), 'future_reward': np.int64(30), 'delay': np.int64(7), 'thisN': 61, 'thisTrialN': 5, 'thisRepN': 8}>
82.5273 	EXP 	fixation: autoDraw = False
82.5273 	EXP 	text: autoDraw = False
82.5273 	EXP 	text: height = np.float64(0.05)
82.5273 	EXP 	text: height = np.float64(0.05)
82.5273 	EXP 	text: height = np.float64(0.05)
82.5273 	EXP 	text: text = 'GBP 11 today or GBP 30 after 7 days'
82.5273 	EXP 	fixation: autoDraw = True
82.6943 	EXP 	Device response: <KeyPress from None: t=82.4959697999875, value=t, duration=0.19460660000913776>
83.5103 	INFO 	Keyboard events cleared
83.5102 	EXP 	text: autoDraw = True
83.5267 	EXP 	fixation: autoDraw = False
83.8777 	EXP 	Device response: <KeyPress from None: t=83.87677439997788, value=l, duration=None>
83.8780 	EXP 	New trial (rep=8, index=6): <Trial 62 (6 in rep 8) data={'reward_today': np.int64(15), 'future_reward': np.int64(35), 'delay': np.int64(13), 'thisN': 62, 'thisTrialN': 6, 'thisRepN': 8}>
83.8855 	DATA 	Keypress: l
83.8933 	EXP 	fixation: autoDraw = False
83.8933 	EXP 	text: autoDraw = False
83.8933 	EXP 	text: height = np.float64(0.05)
83.8933 	EXP 	text: height = np.float64(0.05)
83.8933 	EXP 	text: height = np.float64(0.05)
83.8933 	EXP 	text: text = 'GBP 15 today or GBP 35 after 13 days'
83.8933 	EXP 	fixation: autoDraw = True
84.0936 	EXP 	Device response: <KeyPress from None: t=83.87677439997788, value=l, duration=0.21134450001409277>
84.8933 	INFO 	Keyboard events cleared
84.8931 	EXP 	fixation: autoDraw = False
84.8931 	EXP 	text: autoDraw = True
85.3104 	EXP 	Device response: <KeyPress from None: t=85.29846049999469, value=t, duration=None>
85.3107 	EXP 	New trial (rep=9, index=0): <Trial 63 (0 in rep 9) data={'reward_today': np.int64(67), 'future_reward': np.int64(75), 'delay': np.int64(119), 'thisN': 63, 'thisTrialN': 0, 'thisRepN': 9}>
85.3174 	DATA 	Keypress: t
85.3263 	EXP 	fixation: autoDraw = False
85.3263 	EXP 	text: autoDraw = False
85.3263 	EXP 	text: height = np.float64(0.05)
85.3263 	EXP 	text: height = np.float64(0.05)
85.3263 	EXP 	text: height = np.float64(0.05)
85.3263 	EXP 	text: text = 'GBP 67 today or GBP 75 after 119 days'
85.3263 	EXP 	fixation: autoDraw = True
85.4770 	EXP 	Device response: <KeyPress from None: t=85.29846049999469, value=t, duration=0.16293409999343567>
86.3265 	INFO 	Keyboard events cleared
86.3263 	EXP 	fixation: autoDraw = False
86.3263 	EXP 	text: autoDraw = True
86.7766 	EXP 	Device response: <KeyPress from None: t=86.76791779999621, value=l, duration=None>
86.7769 	EXP 	New trial (rep=9, index=1): <Trial 64 (1 in rep 9) data={'reward_today': np.int64(49), 'future_reward': np.int64(60), 'delay': np.int64(89), 'thisN': 64, 'thisTrialN': 1, 'thisRepN': 9}>
86.7831 	DATA 	Keypress: l
86.7924 	EXP 	fixation: autoDraw = False
86.7924 	EXP 	text: autoDraw = False
86.7924 	EXP 	text: height = np.float64(0.05)
86.7924 	EXP 	text: height = np.float64(0.05)
86.7924 	EXP 	text: height = np.float64(0.05)
86.7924 	EXP 	text: text = 'GBP 49 today or GBP 60 after 89 days'
86.7924 	EXP 	fixation: autoDraw = True
86.9764 	EXP 	Device response: <KeyPress from None: t=86.76791779999621, value=l, duration=0.19345409999368712>
87.7924 	INFO 	Keyboard events cleared
87.7922 	EXP 	fixation: autoDraw = False
87.7922 	EXP 	text: autoDraw = True
88.1427 	EXP 	Device response: <KeyPress from None: t=88.12880730000325, value=t, duration=None>
88.1431 	EXP 	New trial (rep=9, index=2): <Trial 65 (2 in rep 9) data={'reward_today': np.int64(11), 'future_reward': np.int64(30), 'delay': np.int64(7), 'thisN': 65, 'thisTrialN': 2, 'thisRepN': 9}>
88.1492 	DATA 	Keypress: t
88.1586 	EXP 	fixation: autoDraw = False
88.1586 	EXP 	text: autoDraw = False
88.1586 	EXP 	text: height = np.float64(0.05)
88.1586 	EXP 	text: height = np.float64(0.05)
88.1586 	EXP 	text: height = np.float64(0.05)
88.1586 	EXP 	text: text = 'GBP 11 today or GBP 30 after 7 days'
88.1586 	EXP 	fixation: autoDraw = True
88.3593 	EXP 	Device response: <KeyPress from None: t=88.12880730000325, value=t, duration=0.21542239998234436>
89.1588 	INFO 	Keyboard events cleared
89.1586 	EXP 	fixation: autoDraw = False
89.1586 	EXP 	text: autoDraw = True
89.7261 	DATA 	Keypress: l
89.7419 	EXP 	Device response: <KeyPress from None: t=89.72535569997854, value=l, duration=None>
89.7423 	EXP 	New trial (rep=9, index=3): <Trial 66 (3 in rep 9) data={'reward_today': np.int64(27), 'future_reward': np.int64(50), 'delay': np.int64(21), 'thisN': 66, 'thisTrialN': 3, 'thisRepN': 9}>
89.7580 	EXP 	fixation: autoDraw = False
89.7580 	EXP 	text: autoDraw = False
89.7580 	EXP 	text: height = np.float64(0.05)
89.7580 	EXP 	text: height = np.float64(0.05)
89.7580 	EXP 	text: height = np.float64(0.05)
89.7580 	EXP 	text: text = 'GBP 27 today or GBP 50 after 21 days'
89.7580 	EXP 	fixation: autoDraw = True
89.8753 	EXP 	Device response: <KeyPress from None: t=89.72535569997854, value=l, duration=0.14496660002623685>
90.7412 	INFO 	Keyboard events cleared
90.7411 	EXP 	text: autoDraw = True
90.7578 	EXP 	fixation: autoDraw = False
90.9583 	EXP 	Device response: <KeyPress from None: t=90.94322439999087, value=t, duration=None>
90.9587 	EXP 	New trial (rep=9, index=4): <Trial 67 (4 in rep 9) data={'reward_today': np.int64(15), 'future_reward': np.int64(35), 'delay': np.int64(13), 'thisN': 67, 'thisTrialN': 4, 'thisRepN': 9}>
90.9657 	DATA 	Keypress: t
90.9742 	EXP 	fixation: autoDraw = False
90.9742 	EXP 	text: autoDraw = False
90.9742 	EXP 	text: height = np.float64(0.05)
90.9742 	EXP 	text: height = np.float64(0.05)
90.9742 	EXP 	text: height = np.float64(0.05)
90.9742 	EXP 	text: text = 'GBP 15 today or GBP 35 after 13 days'
90.9742 	EXP 	fixation: autoDraw = True
91.1085 	EXP 	Device response: <KeyPress from None: t=90.94322439999087, value=t, duration=0.16087120000156574>
91.9740 	INFO 	Keyboard events cleared
91.9739 	EXP 	fixation: autoDraw = False
91.9739 	EXP 	text: autoDraw = True
92.3081 	EXP 	Device response: <KeyPress from None: t=92.29364540000097, value=l, duration=None>
92.3085 	EXP 	New trial (rep=9, index=5): <Trial 68 (5 in rep 9) data={'reward_today': np.int64(40), 'future_reward': np.int64(55), 'delay': np.int64(62), 'thisN': 68, 'thisTrialN': 5, 'thisRepN': 9}>
92.3153 	DATA 	Keypress: l
92.3238 	EXP 	fixation: autoDraw = False
92.3238 	EXP 	text: autoDraw = False
92.3238 	EXP 	text: height = np.float64(0.05)
92.3238 	EXP 	text: height = np.float64(0.05)
92.3238 	EXP 	text: height = np.float64(0.05)
92.3238 	EXP 	text: text = 'GBP 40 today or GBP 55 after 62 days'
92.3238 	EXP 	fixation: autoDraw = True
92.5580 	EXP 	Device response: <KeyPress from None: t=92.29364540000097, value=l, duration=0.251576099981321>
93.3240 	INFO 	Keyboard events cleared
93.3238 	EXP 	fixation: autoDraw = False
93.3238 	EXP 	text: autoDraw = True
93.6241 	EXP 	Device response: <KeyPress from None: t=93.61811439998564, value=t, duration=None>
93.6244 	EXP 	New trial (rep=9, index=6): <Trial 69 (6 in rep 9) data={'reward_today': np.int64(78), 'future_reward': np.int64(80), 'delay': np.int64(162), 'thisN': 69, 'thisTrialN': 6, 'thisRepN': 9}>
93.6300 	DATA 	Keypress: t
93.6401 	EXP 	fixation: autoDraw = False
93.6401 	EXP 	text: autoDraw = False
93.6401 	EXP 	text: height = np.float64(0.05)
93.6401 	EXP 	text: height = np.float64(0.05)
93.6401 	EXP 	text: height = np.float64(0.05)
93.6401 	EXP 	text: text = 'GBP 78 today or GBP 80 after 162 days'
93.6401 	EXP 	fixation: autoDraw = True
93.8408 	EXP 	Device response: <KeyPress from None: t=93.61811439998564, value=t, duration=0.21780780001427047>
94.6234 	INFO 	Keyboard events cleared
94.6232 	EXP 	text: autoDraw = True
94.6399 	EXP 	fixation: autoDraw = False
95.3421 	DATA 	Keypress: l
95.3567 	EXP 	Device response: <KeyPress from None: t=95.34124680000241, value=l, duration=None>
95.3570 	EXP 	New trial (rep=10, index=0): <Trial 70 (0 in rep 10) data={'reward_today': np.int64(15), 'future_reward': np.int64(35), 'delay': np.int64(13), 'thisN': 70, 'thisTrialN': 0, 'thisRepN': 10}>
95.3728 	EXP 	fixation: autoDraw = False
95.3728 	EXP 	text: autoDraw = False
95.3728 	EXP 	text: height = np.float64(0.05)
95.3728 	EXP 	text: height = np.float64(0.05)
95.3728 	EXP 	text: height = np.float64(0.05)
95.3728 	EXP 	text: text = 'GBP 15 today or GBP 35 after 13 days'
95.3728 	EXP 	fixation: autoDraw = True
95.5901 	EXP 	Device response: <KeyPress from None: t=95.34124680000241, value=l, duration=0.2386648999818135>
96.3560 	INFO 	Keyboard events cleared
96.3559 	EXP 	text: autoDraw = True
96.3724 	EXP 	fixation: autoDraw = False
96.8233 	EXP 	Device response: <KeyPress from None: t=96.80788139998913, value=t, duration=None>
96.8237 	EXP 	New trial (rep=10, index=1): <Trial 71 (1 in rep 10) data={'reward_today': np.int64(49), 'future_reward': np.int64(60), 'delay': np.int64(89), 'thisN': 71, 'thisTrialN': 1, 'thisRepN': 10}>
96.8320 	DATA 	Keypress: t
96.8390 	EXP 	fixation: autoDraw = False
96.8390 	EXP 	text: autoDraw = False
96.8390 	EXP 	text: height = np.float64(0.05)
96.8390 	EXP 	text: height = np.float64(0.05)
96.8390 	EXP 	text: height = np.float64(0.05)
96.8390 	EXP 	text: text = 'GBP 49 today or GBP 60 after 89 days'
96.8390 	EXP 	fixation: autoDraw = True
97.0063 	EXP 	Device response: <KeyPress from None: t=96.80788139998913, value=t, duration=0.18736680000438355>
97.8391 	INFO 	Keyboard events cleared
97.8390 	EXP 	fixation: autoDraw = False
97.8390 	EXP 	text: autoDraw = True
98.3060 	EXP 	Device response: <KeyPress from None: t=98.29125139999087, value=l, duration=None>
98.3064 	EXP 	New trial (rep=10, index=2): <Trial 72 (2 in rep 10) data={'reward_today': np.int64(78), 'future_reward': np.int64(80), 'delay': np.int64(162), 'thisN': 72, 'thisTrialN': 2, 'thisRepN': 10}>
98.3136 	DATA 	Keypress: l
98.3218 	EXP 	fixation: autoDraw = False
98.3218 	EXP 	text: autoDraw = False
98.3218 	EXP 	text: height = np.float64(0.05)
98.3218 	EXP 	text: height = np.float64(0.05)
98.3218 	EXP 	text: height = np.float64(0.05)
98.3218 	EXP 	text: text = 'GBP 78 today or GBP 80 after 162 days'
98.3218 	EXP 	fixation: autoDraw = True
98.5060 	EXP 	Device response: <KeyPress from None: t=98.29125139999087, value=l, duration=0.21059559998684563>
99.3221 	INFO 	Keyboard events cleared
99.3219 	EXP 	fixation: autoDraw = False
99.3219 	EXP 	text: autoDraw = True
99.7719 	EXP 	Device response: <KeyPress from None: t=99.76609979997738, value=t, duration=None>
99.7722 	EXP 	New trial (rep=10, index=3): <Trial 73 (3 in rep 10) data={'reward_today': np.int64(11), 'future_reward': np.int64(30), 'delay': np.int64(7), 'thisN': 73, 'thisTrialN': 3, 'thisRepN': 10}>
99.7776 	DATA 	Keypress: t
99.7880 	EXP 	fixation: autoDraw = False
99.7880 	EXP 	text: autoDraw = False
99.7880 	EXP 	text: height = np.float64(0.05)
99.7880 	EXP 	text: height = np.float64(0.05)
99.7880 	EXP 	text: height = np.float64(0.05)
99.7880 	EXP 	text: text = 'GBP 11 today or GBP 30 after 7 days'
99.7880 	EXP 	fixation: autoDraw = True
99.9885 	EXP 	Device response: <KeyPress from None: t=99.76609979997738, value=t, duration=0.21972240001196042>
100.7716 	INFO 	Keyboard events cleared
100.7714 	EXP 	text: autoDraw = True
100.7880 	EXP 	fixation: autoDraw = False
101.7710 	EXP 	text: autoDraw = False
101.8045 	EXP 	Device response: <KeyPress from None: t=101.80217429998447, value=l, duration=None>
101.8048 	EXP 	New trial (rep=10, index=4): <Trial 74 (4 in rep 10) data={'reward_today': np.int64(27), 'future_reward': np.int64(50), 'delay': np.int64(21), 'thisN': 74, 'thisTrialN': 4, 'thisRepN': 10}>
101.8103 	DATA 	Keypress: l
101.8207 	EXP 	fixation: autoDraw = False
101.8207 	EXP 	text: autoDraw = False
101.8207 	EXP 	text: height = np.float64(0.05)
101.8207 	EXP 	text: height = np.float64(0.05)
101.8207 	EXP 	text: height = np.float64(0.05)
101.8207 	EXP 	text: text = 'GBP 27 today or GBP 50 after 21 days'
101.8207 	EXP 	fixation: autoDraw = True
102.0214 	EXP 	Device response: <KeyPress from None: t=101.80217429998447, value=l, duration=0.20936470001470298>
102.8041 	INFO 	Keyboard events cleared
102.8039 	EXP 	text: autoDraw = True
102.8205 	EXP 	fixation: autoDraw = False
103.2230 	DATA 	Keypress: t
103.2371 	EXP 	Device response: <KeyPress from None: t=103.22210679997806, value=t, duration=None>
103.2373 	EXP 	New trial (rep=10, index=5): <Trial 75 (5 in rep 10) data={'reward_today': np.int64(40), 'future_reward': np.int64(55), 'delay': np.int64(62), 'thisN': 75, 'thisTrialN': 5, 'thisRepN': 10}>
103.2534 	EXP 	fixation: autoDraw = False
103.2534 	EXP 	text: autoDraw = False
103.2534 	EXP 	text: height = np.float64(0.05)
103.2534 	EXP 	text: height = np.float64(0.05)
103.2534 	EXP 	text: height = np.float64(0.05)
103.2534 	EXP 	text: text = 'GBP 40 today or GBP 55 after 62 days'
103.2534 	EXP 	fixation: autoDraw = True
103.3874 	EXP 	Device response: <KeyPress from None: t=103.22210679997806, value=t, duration=0.16008570001577027>
104.2368 	INFO 	Keyboard events cleared
104.2367 	EXP 	text: autoDraw = True
104.2536 	EXP 	fixation: autoDraw = False
104.7869 	EXP 	Device response: <KeyPress from None: t=104.77654239998083, value=l, duration=None>
104.7872 	EXP 	New trial (rep=10, index=6): <Trial 76 (6 in rep 10) data={'reward_today': np.int64(67), 'future_reward': np.int64(75), 'delay': np.int64(119), 'thisN': 76, 'thisTrialN': 6, 'thisRepN': 10}>
104.7925 	DATA 	Keypress: l
104.8030 	EXP 	fixation: autoDraw = False
104.8030 	EXP 	text: autoDraw = False
104.8030 	EXP 	text: height = np.float64(0.05)
104.8030 	EXP 	text: height = np.float64(0.05)
104.8030 	EXP 	text: height = np.float64(0.05)
104.8030 	EXP 	text: text = 'GBP 67 today or GBP 75 after 119 days'
104.8030 	EXP 	fixation: autoDraw = True
105.0203 	EXP 	Device response: <KeyPress from None: t=104.77654239998083, value=l, duration=0.23815230000764132>
105.7865 	INFO 	Keyboard events cleared
105.7864 	EXP 	text: autoDraw = True
105.8030 	EXP 	fixation: autoDraw = False
106.1700 	EXP 	Device response: <KeyPress from None: t=106.16550509998342, value=t, duration=None>
106.1705 	EXP 	New trial (rep=11, index=0): <Trial 77 (0 in rep 11) data={'reward_today': np.int64(27), 'future_reward': np.int64(50), 'delay': np.int64(21), 'thisN': 77, 'thisTrialN': 0, 'thisRepN': 11}>
106.1782 	DATA 	Keypress: t
106.1858 	EXP 	fixation: autoDraw = False
106.1858 	EXP 	text: autoDraw = False
106.1858 	EXP 	text: height = np.float64(0.05)
106.1858 	EXP 	text: height = np.float64(0.05)
106.1858 	EXP 	text: height = np.float64(0.05)
106.1858 	EXP 	text: text = 'GBP 27 today or GBP 50 after 21 days'
106.1858 	EXP 	fixation: autoDraw = True
106.3531 	EXP 	Device response: <KeyPress from None: t=106.16550509998342, value=t, duration=0.18693680001888424>
107.1860 	INFO 	Keyboard events cleared
107.1858 	EXP 	fixation: autoDraw = False
107.1858 	EXP 	text: autoDraw = True
107.4363 	EXP 	Device response: <KeyPress from None: t=107.43264970000018, value=l, duration=None>
107.4366 	EXP 	New trial (rep=11, index=1): <Trial 78 (1 in rep 11) data={'reward_today': np.int64(78), 'future_reward': np.int64(80), 'delay': np.int64(162), 'thisN': 78, 'thisTrialN': 1, 'thisRepN': 11}>
107.4415 	DATA 	Keypress: l
107.4521 	EXP 	fixation: autoDraw = False
107.4521 	EXP 	text: autoDraw = False
107.4521 	EXP 	text: height = np.float64(0.05)
107.4521 	EXP 	text: height = np.float64(0.05)
107.4521 	EXP 	text: height = np.float64(0.05)
107.4521 	EXP 	text: text = 'GBP 78 today or GBP 80 after 162 days'
107.4521 	EXP 	fixation: autoDraw = True
107.6361 	EXP 	Device response: <KeyPress from None: t=107.43264970000018, value=l, duration=0.19920279999496415>
108.4520 	INFO 	Keyboard events cleared
108.4519 	EXP 	fixation: autoDraw = False
108.4519 	EXP 	text: autoDraw = True
108.7219 	DATA 	Keypress: t
108.7354 	EXP 	Device response: <KeyPress from None: t=108.71925379999448, value=t, duration=None>
108.7358 	EXP 	New trial (rep=11, index=2): <Trial 79 (2 in rep 11) data={'reward_today': np.int64(49), 'future_reward': np.int64(60), 'delay': np.int64(89), 'thisN': 79, 'thisTrialN': 2, 'thisRepN': 11}>
108.7517 	EXP 	fixation: autoDraw = False
108.7517 	EXP 	text: autoDraw = False
108.7517 	EXP 	text: height = np.float64(0.05)
108.7517 	EXP 	text: height = np.float64(0.05)
108.7517 	EXP 	text: height = np.float64(0.05)
108.7517 	EXP 	text: text = 'GBP 49 today or GBP 60 after 89 days'
108.7517 	EXP 	fixation: autoDraw = True
108.8857 	EXP 	Device response: <KeyPress from None: t=108.71925379999448, value=t, duration=0.156307299999753>
109.7352 	INFO 	Keyboard events cleared
109.7350 	EXP 	text: autoDraw = True
109.7517 	EXP 	fixation: autoDraw = False
110.0851 	EXP 	Device response: <KeyPress from None: t=110.07682210000348, value=l, duration=None>
110.0855 	EXP 	New trial (rep=11, index=3): <Trial 80 (3 in rep 11) data={'reward_today': np.int64(67), 'future_reward': np.int64(75), 'delay': np.int64(119), 'thisN': 80, 'thisTrialN': 3, 'thisRepN': 11}>
110.0908 	DATA 	Keypress: l
110.1012 	EXP 	fixation: autoDraw = False
110.1012 	EXP 	text: autoDraw = False
110.1012 	EXP 	text: height = np.float64(0.05)
110.1012 	EXP 	text: height = np.float64(0.05)
110.1012 	EXP 	text: height = np.float64(0.05)
110.1012 	EXP 	text: text = 'GBP 67 today or GBP 75 after 119 days'
110.1012 	EXP 	fixation: autoDraw = True
110.2182 	EXP 	Device response: <KeyPress from None: t=110.07682210000348, value=l, duration=0.1274517999845557>
111.0847 	INFO 	Keyboard events cleared
111.0846 	EXP 	text: autoDraw = True
111.1012 	EXP 	fixation: autoDraw = False
111.4016 	EXP 	Device response: <KeyPress from None: t=111.39614840000286, value=t, duration=None>
111.4019 	EXP 	New trial (rep=11, index=4): <Trial 81 (4 in rep 11) data={'reward_today': np.int64(11), 'future_reward': np.int64(30), 'delay': np.int64(7), 'thisN': 81, 'thisTrialN': 4, 'thisRepN': 11}>
111.4085 	DATA 	Keypress: t
111.4175 	EXP 	fixation: autoDraw = False
111.4175 	EXP 	text: autoDraw = False
111.4175 	EXP 	text: height = np.float64(0.05)
111.4175 	EXP 	text: height = np.float64(0.05)
111.4175 	EXP 	text: height = np.float64(0.05)
111.4175 	EXP 	text: text = 'GBP 11 today or GBP 30 after 7 days'
111.4175 	EXP 	fixation: autoDraw = True
111.6180 	EXP 	Device response: <KeyPress from None: t=111.39614840000286, value=t, duration=0.21556539999437518>
112.4172 	INFO 	Keyboard events cleared
112.4171 	EXP 	fixation: autoDraw = False
112.4171 	EXP 	text: autoDraw = True
112.8345 	EXP 	Device response: <KeyPress from None: t=112.82810270000482, value=l, duration=None>
112.8348 	EXP 	New trial (rep=11, index=5): <Trial 82 (5 in rep 11) data={'reward_today': np.int64(40), 'future_reward': np.int64(55), 'delay': np.int64(62), 'thisN': 82, 'thisTrialN': 5, 'thisRepN': 11}>
112.8406 	DATA 	Keypress: l
112.8503 	EXP 	fixation: autoDraw = False
112.8503 	EXP 	text: autoDraw = False
112.8503 	EXP 	text: height = np.float64(0.05)
112.8503 	EXP 	text: height = np.float64(0.05)
112.8503 	EXP 	text: height = np.float64(0.05)
112.8503 	EXP 	text: text = 'GBP 40 today or GBP 55 after 62 days'
112.8503 	EXP 	fixation: autoDraw = True
113.0676 	EXP 	Device response: <KeyPress from None: t=112.82810270000482, value=l, duration=0.2341149999992922>
113.8505 	INFO 	Keyboard events cleared
113.8504 	EXP 	fixation: autoDraw = False
113.8504 	EXP 	text: autoDraw = True
114.1532 	DATA 	Keypress: t
114.1672 	EXP 	Device response: <KeyPress from None: t=114.151272099989, value=t, duration=None>
114.1675 	EXP 	New trial (rep=11, index=6): <Trial 83 (6 in rep 11) data={'reward_today': np.int64(15), 'future_reward': np.int64(35), 'delay': np.int64(13), 'thisN': 83, 'thisTrialN': 6, 'thisRepN': 11}>
114.1834 	EXP 	fixation: autoDraw = False
114.1834 	EXP 	text: autoDraw = False
114.1834 	EXP 	text: height = np.float64(0.05)
114.1834 	EXP 	text: height = np.float64(0.05)
114.1834 	EXP 	text: height = np.float64(0.05)
114.1834 	EXP 	text: text = 'GBP 15 today or GBP 35 after 13 days'
114.1834 	EXP 	fixation: autoDraw = True
114.4171 	EXP 	Device response: <KeyPress from None: t=114.151272099989, value=t, duration=0.24911939998855814>
115.1668 	INFO 	Keyboard events cleared
115.1666 	EXP 	text: autoDraw = True
115.1829 	EXP 	fixation: autoDraw = False
115.4834 	EXP 	Device response: <KeyPress from None: t=115.47369739998248, value=l, duration=None>
115.4838 	EXP 	New trial (rep=12, index=0): <Trial 84 (0 in rep 12) data={'reward_today': np.int64(78), 'future_reward': np.int64(80), 'delay': np.int64(162), 'thisN': 84, 'thisTrialN': 0, 'thisRepN': 12}>
115.4887 	DATA 	Keypress: l
115.4997 	EXP 	fixation: autoDraw = False
115.4997 	EXP 	text: autoDraw = False
115.4997 	EXP 	text: height = np.float64(0.05)
115.4997 	EXP 	text: height = np.float64(0.05)
115.4997 	EXP 	text: height = np.float64(0.05)
115.4997 	EXP 	text: text = 'GBP 78 today or GBP 80 after 162 days'
115.4997 	EXP 	fixation: autoDraw = True
115.6666 	EXP 	Device response: <KeyPress from None: t=115.47369739998248, value=l, duration=0.1825875000213273>
116.4829 	INFO 	Keyboard events cleared
116.4827 	EXP 	text: autoDraw = True
116.4994 	EXP 	fixation: autoDraw = False
116.5165 	EXP 	Device response: <KeyPress from None: t=116.50870109998505, value=t, duration=None>
116.5169 	EXP 	New trial (rep=12, index=1): <Trial 85 (1 in rep 12) data={'reward_today': np.int64(49), 'future_reward': np.int64(60), 'delay': np.int64(89), 'thisN': 85, 'thisTrialN': 1, 'thisRepN': 12}>
116.5223 	DATA 	Keypress: t
116.5324 	EXP 	fixation: autoDraw = False
116.5324 	EXP 	text: autoDraw = False
116.5324 	EXP 	text: height = np.float64(0.05)
116.5324 	EXP 	text: height = np.float64(0.05)
116.5324 	EXP 	text: height = np.float64(0.05)
116.5324 	EXP 	text: text = 'GBP 49 today or GBP 60 after 89 days'
116.5324 	EXP 	fixation: autoDraw = True
116.7328 	EXP 	Device response: <KeyPress from None: t=116.50870109998505, value=t, duration=0.21759270000620745>
117.5324 	INFO 	Keyboard events cleared
117.5323 	EXP 	fixation: autoDraw = False
117.5323 	EXP 	text: autoDraw = True
117.7991 	EXP 	Device response: <KeyPress from None: t=117.79662330000428, value=l, duration=None>
117.7995 	EXP 	New trial (rep=12, index=2): <Trial 86 (2 in rep 12) data={'reward_today': np.int64(15), 'future_reward': np.int64(35), 'delay': np.int64(13), 'thisN': 86, 'thisTrialN': 2, 'thisRepN': 12}>
117.8066 	DATA 	Keypress: l
117.8152 	EXP 	fixation: autoDraw = False
117.8152 	EXP 	text: autoDraw = False
117.8152 	EXP 	text: height = np.float64(0.05)
117.8152 	EXP 	text: height = np.float64(0.05)
117.8152 	EXP 	text: height = np.float64(0.05)
117.8152 	EXP 	text: text = 'GBP 15 today or GBP 35 after 13 days'
117.8152 	EXP 	fixation: autoDraw = True
117.9825 	EXP 	Device response: <KeyPress from None: t=117.79662330000428, value=l, duration=0.18313319998560473>
118.7986 	INFO 	Keyboard events cleared
118.7984 	EXP 	text: autoDraw = True
118.8150 	EXP 	fixation: autoDraw = False
118.8492 	DATA 	Keypress: t
118.8651 	EXP 	Device response: <KeyPress from None: t=118.84870439997758, value=t, duration=None>
118.8652 	EXP 	New trial (rep=12, index=3): <Trial 87 (3 in rep 12) data={'reward_today': np.int64(11), 'future_reward': np.int64(30), 'delay': np.int64(7), 'thisN': 87, 'thisTrialN': 3, 'thisRepN': 12}>
118.8815 	EXP 	fixation: autoDraw = False
118.8815 	EXP 	text: autoDraw = False
118.8815 	EXP 	text: height = np.float64(0.05)
118.8815 	EXP 	text: height = np.float64(0.05)
118.8815 	EXP 	text: height = np.float64(0.05)
118.8815 	EXP 	text: text = 'GBP 11 today or GBP 30 after 7 days'
118.8815 	EXP 	fixation: autoDraw = True
119.0322 	EXP 	Device response: <KeyPress from None: t=118.84870439997758, value=t, duration=0.1781057000043802>
119.8652 	INFO 	Keyboard events cleared
119.8650 	EXP 	text: autoDraw = True
119.8816 	EXP 	fixation: autoDraw = False
119.9486 	EXP 	Device response: <KeyPress from None: t=119.94070539998938, value=l, duration=None>
119.9490 	EXP 	New trial (rep=12, index=4): <Trial 88 (4 in rep 12) data={'reward_today': np.int64(67), 'future_reward': np.int64(75), 'delay': np.int64(119), 'thisN': 88, 'thisTrialN': 4, 'thisRepN': 12}>
119.9554 	DATA 	Keypress: l
119.9645 	EXP 	fixation: autoDraw = False
119.9645 	EXP 	text: autoDraw = False
119.9645 	EXP 	text: height = np.float64(0.05)
119.9645 	EXP 	text: height = np.float64(0.05)
119.9645 	EXP 	text: height = np.float64(0.05)
119.9645 	EXP 	text: text = 'GBP 67 today or GBP 75 after 119 days'
119.9645 	EXP 	fixation: autoDraw = True
120.0983 	EXP 	Device response: <KeyPress from None: t=119.94070539998938, value=l, duration=0.15543929999694228>
120.9648 	INFO 	Keyboard events cleared
120.9646 	EXP 	fixation: autoDraw = False
120.9646 	EXP 	text: autoDraw = True
121.4980 	EXP 	Device response: <KeyPress from None: t=121.49682469997788, value=t, duration=None>
121.4982 	EXP 	New trial (rep=12, index=5): <Trial 89 (5 in rep 12) data={'reward_today': np.int64(40), 'future_reward': np.int64(55), 'delay': np.int64(62), 'thisN': 89, 'thisTrialN': 5, 'thisRepN': 12}>
121.5040 	DATA 	Keypress: t
121.5140 	EXP 	fixation: autoDraw = False
121.5140 	EXP 	text: autoDraw = False
121.5140 	EXP 	text: height = np.float64(0.05)
121.5140 	EXP 	text: height = np.float64(0.05)
121.5140 	EXP 	text: height = np.float64(0.05)
121.5140 	EXP 	text: text = 'GBP 40 today or GBP 55 after 62 days'
121.5140 	EXP 	fixation: autoDraw = True
121.6981 	EXP 	Device response: <KeyPress from None: t=121.49682469997788, value=t, duration=0.18377990002045408>
122.4975 	INFO 	Keyboard events cleared
122.4973 	EXP 	text: autoDraw = True
122.5141 	EXP 	fixation: autoDraw = False
122.7142 	EXP 	Device response: <KeyPress from None: t=122.70529339998029, value=l, duration=None>
122.7146 	EXP 	New trial (rep=12, index=6): <Trial 90 (6 in rep 12) data={'reward_today': np.int64(27), 'future_reward': np.int64(50), 'delay': np.int64(21), 'thisN': 90, 'thisTrialN': 6, 'thisRepN': 12}>
122.7187 	DATA 	Keypress: l
122.7305 	EXP 	fixation: autoDraw = False
122.7305 	EXP 	text: autoDraw = False
122.7305 	EXP 	text: height = np.float64(0.05)
122.7305 	EXP 	text: height = np.float64(0.05)
122.7305 	EXP 	text: height = np.float64(0.05)
122.7305 	EXP 	text: text = 'GBP 27 today or GBP 50 after 21 days'
122.7305 	EXP 	fixation: autoDraw = True
122.9475 	EXP 	Device response: <KeyPress from None: t=122.70529339998029, value=l, duration=0.23961550000240095>
123.7136 	INFO 	Keyboard events cleared
123.7134 	EXP 	text: autoDraw = True
123.7301 	EXP 	fixation: autoDraw = False
123.7802 	EXP 	Device response: <KeyPress from None: t=123.7781167999783, value=t, duration=None>
123.7803 	EXP 	New trial (rep=13, index=0): <Trial 91 (0 in rep 13) data={'reward_today': np.int64(40), 'future_reward': np.int64(55), 'delay': np.int64(62), 'thisN': 91, 'thisTrialN': 0, 'thisRepN': 13}>
123.7830 	DATA 	Keypress: t
123.7965 	EXP 	fixation: autoDraw = False
123.7965 	EXP 	text: autoDraw = False
123.7965 	EXP 	text: height = np.float64(0.05)
123.7965 	EXP 	text: height = np.float64(0.05)
123.7965 	EXP 	text: height = np.float64(0.05)
123.7965 	EXP 	text: text = 'GBP 40 today or GBP 55 after 62 days'
123.7965 	EXP 	fixation: autoDraw = True
123.9137 	EXP 	Device response: <KeyPress from None: t=123.7781167999783, value=t, duration=0.12330000000656582>
124.7806 	INFO 	Keyboard events cleared
124.7804 	EXP 	text: autoDraw = True
124.7965 	EXP 	fixation: autoDraw = False
124.9632 	EXP 	Device response: <KeyPress from None: t=124.94983460000367, value=l, duration=None>
124.9633 	EXP 	New trial (rep=13, index=1): <Trial 92 (1 in rep 13) data={'reward_today': np.int64(67), 'future_reward': np.int64(75), 'delay': np.int64(119), 'thisN': 92, 'thisTrialN': 1, 'thisRepN': 13}>
124.9667 	DATA 	Keypress: l
124.9795 	EXP 	fixation: autoDraw = False
124.9795 	EXP 	text: autoDraw = False
124.9795 	EXP 	text: height = np.float64(0.05)
124.9795 	EXP 	text: height = np.float64(0.05)
124.9795 	EXP 	text: height = np.float64(0.05)
124.9795 	EXP 	text: text = 'GBP 67 today or GBP 75 after 119 days'
124.9795 	EXP 	fixation: autoDraw = True
125.1299 	EXP 	Device response: <KeyPress from None: t=124.94983460000367, value=l, duration=0.1782377999916207>
125.9628 	INFO 	Keyboard events cleared
125.9627 	EXP 	text: autoDraw = True
125.9792 	EXP 	fixation: autoDraw = False
126.0465 	EXP 	Device response: <KeyPress from None: t=126.045137899986, value=t, duration=None>
126.0471 	EXP 	New trial (rep=13, index=2): <Trial 93 (2 in rep 13) data={'reward_today': np.int64(49), 'future_reward': np.int64(60), 'delay': np.int64(89), 'thisN': 93, 'thisTrialN': 2, 'thisRepN': 13}>
126.0521 	DATA 	Keypress: t
126.0624 	EXP 	fixation: autoDraw = False
126.0624 	EXP 	text: autoDraw = False
126.0624 	EXP 	text: height = np.float64(0.05)
126.0624 	EXP 	text: height = np.float64(0.05)
126.0624 	EXP 	text: height = np.float64(0.05)
126.0624 	EXP 	text: text = 'GBP 49 today or GBP 60 after 89 days'
126.0624 	EXP 	fixation: autoDraw = True
126.2465 	EXP 	Device response: <KeyPress from None: t=126.045137899986, value=t, duration=0.20040629999130033>
127.0625 	INFO 	Keyboard events cleared
127.0623 	EXP 	fixation: autoDraw = False
127.0623 	EXP 	text: autoDraw = True
127.3126 	EXP 	Device response: <KeyPress from None: t=127.30769950000104, value=l, duration=None>
127.3129 	EXP 	New trial (rep=13, index=3): <Trial 94 (3 in rep 13) data={'reward_today': np.int64(27), 'future_reward': np.int64(50), 'delay': np.int64(21), 'thisN': 94, 'thisTrialN': 3, 'thisRepN': 13}>
127.3192 	DATA 	Keypress: l
127.3288 	EXP 	fixation: autoDraw = False
127.3288 	EXP 	text: autoDraw = False
127.3288 	EXP 	text: height = np.float64(0.05)
127.3288 	EXP 	text: height = np.float64(0.05)
127.3288 	EXP 	text: height = np.float64(0.05)
127.3288 	EXP 	text: text = 'GBP 27 today or GBP 50 after 21 days'
127.3288 	EXP 	fixation: autoDraw = True
127.4962 	EXP 	Device response: <KeyPress from None: t=127.30769950000104, value=l, duration=0.18316950000007637>
128.3121 	INFO 	Keyboard events cleared
128.3119 	EXP 	text: autoDraw = True
128.3283 	EXP 	fixation: autoDraw = False
128.3626 	DATA 	Keypress: t
128.3787 	EXP 	Device response: <KeyPress from None: t=128.36168370000087, value=t, duration=None>
128.3789 	EXP 	New trial (rep=13, index=4): <Trial 95 (4 in rep 13) data={'reward_today': np.int64(78), 'future_reward': np.int64(80), 'delay': np.int64(162), 'thisN': 95, 'thisTrialN': 4, 'thisRepN': 13}>
128.3952 	EXP 	fixation: autoDraw = False
128.3952 	EXP 	text: autoDraw = False
128.3952 	EXP 	text: height = np.float64(0.05)
128.3952 	EXP 	text: height = np.float64(0.05)
128.3952 	EXP 	text: height = np.float64(0.05)
128.3952 	EXP 	text: text = 'GBP 78 today or GBP 80 after 162 days'
128.3952 	EXP 	fixation: autoDraw = True
128.6125 	EXP 	Device response: <KeyPress from None: t=128.36168370000087, value=t, duration=0.24277789998450316>
129.3784 	INFO 	Keyboard events cleared
129.3783 	EXP 	text: autoDraw = True
129.3950 	EXP 	fixation: autoDraw = False
129.5619 	EXP 	Device response: <KeyPress from None: t=129.55882149998797, value=l, duration=None>
129.5622 	EXP 	New trial (rep=13, index=5): <Trial 96 (5 in rep 13) data={'reward_today': np.int64(11), 'future_reward': np.int64(30), 'delay': np.int64(7), 'thisN': 96, 'thisTrialN': 5, 'thisRepN': 13}>
129.5673 	DATA 	Keypress: l
129.5782 	EXP 	fixation: autoDraw = False
129.5782 	EXP 	text: autoDraw = False
129.5782 	EXP 	text: height = np.float64(0.05)
129.5782 	EXP 	text: height = np.float64(0.05)
129.5782 	EXP 	text: height = np.float64(0.05)
129.5782 	EXP 	text: text = 'GBP 11 today or GBP 30 after 7 days'
129.5782 	EXP 	fixation: autoDraw = True
129.7620 	EXP 	Device response: <KeyPress from None: t=129.55882149998797, value=l, duration=0.18892039998900145>
130.5611 	INFO 	Keyboard events cleared
130.5610 	EXP 	text: autoDraw = True
130.5777 	EXP 	fixation: autoDraw = False
131.0116 	EXP 	Device response: <KeyPress from None: t=131.00095039998996, value=t, duration=None>
131.0120 	EXP 	New trial (rep=13, index=6): <Trial 97 (6 in rep 13) data={'reward_today': np.int64(15), 'future_reward': np.int64(35), 'delay': np.int64(13), 'thisN': 97, 'thisTrialN': 6, 'thisRepN': 13}>
131.0177 	DATA 	Keypress: t
131.0277 	EXP 	fixation: autoDraw = False
131.0277 	EXP 	text: autoDraw = False
131.0277 	EXP 	text: height = np.float64(0.05)
131.0277 	EXP 	text: height = np.float64(0.05)
131.0277 	EXP 	text: height = np.float64(0.05)
131.0277 	EXP 	text: text = 'GBP 15 today or GBP 35 after 13 days'
131.0277 	EXP 	fixation: autoDraw = True
131.1784 	EXP 	Device response: <KeyPress from None: t=131.00095039998996, value=t, duration=0.16628440000931732>
132.0273 	INFO 	Keyboard events cleared
132.0271 	EXP 	fixation: autoDraw = False
132.0271 	EXP 	text: autoDraw = True
132.2106 	EXP 	Device response: <KeyPress from None: t=132.1966492999927, value=l, duration=None>
132.2107 	EXP 	New trial (rep=14, index=0): <Trial 98 (0 in rep 14) data={'reward_today': np.int64(11), 'future_reward': np.int64(30), 'delay': np.int64(7), 'thisN': 98, 'thisTrialN': 0, 'thisRepN': 14}>
132.2134 	DATA 	Keypress: l
132.2269 	EXP 	fixation: autoDraw = False
132.2269 	EXP 	text: autoDraw = False
132.2269 	EXP 	text: height = np.float64(0.05)
132.2269 	EXP 	text: height = np.float64(0.05)
132.2269 	EXP 	text: height = np.float64(0.05)
132.2269 	EXP 	text: text = 'GBP 11 today or GBP 30 after 7 days'
132.2269 	EXP 	fixation: autoDraw = True
132.4278 	EXP 	Device response: <KeyPress from None: t=132.1966492999927, value=l, duration=0.226572399988072>
133.2106 	INFO 	Keyboard events cleared
133.2105 	EXP 	text: autoDraw = True
133.2270 	EXP 	fixation: autoDraw = False
133.4942 	EXP 	Device response: <KeyPress from None: t=133.48371820000466, value=t, duration=None>
133.4946 	EXP 	New trial (rep=14, index=1): <Trial 99 (1 in rep 14) data={'reward_today': np.int64(27), 'future_reward': np.int64(50), 'delay': np.int64(21), 'thisN': 99, 'thisTrialN': 1, 'thisRepN': 14}>
133.5006 	DATA 	Keypress: t
133.5103 	EXP 	fixation: autoDraw = False
133.5103 	EXP 	text: autoDraw = False
133.5103 	EXP 	text: height = np.float64(0.05)
133.5103 	EXP 	text: height = np.float64(0.05)
133.5103 	EXP 	text: height = np.float64(0.05)
133.5103 	EXP 	text: text = 'GBP 27 today or GBP 50 after 21 days'
133.5103 	EXP 	fixation: autoDraw = True
133.7436 	EXP 	Device response: <KeyPress from None: t=133.48371820000466, value=t, duration=0.2593060999934096>
134.5102 	INFO 	Keyboard events cleared
134.5100 	EXP 	fixation: autoDraw = False
134.5100 	EXP 	text: autoDraw = True
134.9270 	EXP 	Device response: <KeyPress from None: t=134.91779700000188, value=l, duration=None>
134.9273 	EXP 	New trial (rep=14, index=2): <Trial 100 (2 in rep 14) data={'reward_today': np.int64(78), 'future_reward': np.int64(80), 'delay': np.int64(162), 'thisN': 100, 'thisTrialN': 2, 'thisRepN': 14}>
134.9317 	DATA 	Keypress: l
134.9428 	EXP 	fixation: autoDraw = False
134.9428 	EXP 	text: autoDraw = False
134.9428 	EXP 	text: height = np.float64(0.05)
134.9428 	EXP 	text: height = np.float64(0.05)
134.9428 	EXP 	text: height = np.float64(0.05)
134.9428 	EXP 	text: text = 'GBP 78 today or GBP 80 after 162 days'
134.9428 	EXP 	fixation: autoDraw = True
135.1098 	EXP 	Device response: <KeyPress from None: t=134.91779700000188, value=l, duration=0.17659180000191554>
135.9430 	INFO 	Keyboard events cleared
135.9427 	EXP 	fixation: autoDraw = False
135.9427 	EXP 	text: autoDraw = True
136.1774 	DATA 	Keypress: t
136.1931 	EXP 	Device response: <KeyPress from None: t=136.1766815999872, value=t, duration=None>
136.1935 	EXP 	New trial (rep=14, index=3): <Trial 101 (3 in rep 14) data={'reward_today': np.int64(49), 'future_reward': np.int64(60), 'delay': np.int64(89), 'thisN': 101, 'thisTrialN': 3, 'thisRepN': 14}>
136.2091 	EXP 	fixation: autoDraw = False
136.2091 	EXP 	text: autoDraw = False
136.2091 	EXP 	text: height = np.float64(0.05)
136.2091 	EXP 	text: height = np.float64(0.05)
136.2091 	EXP 	text: height = np.float64(0.05)
136.2091 	EXP 	text: text = 'GBP 49 today or GBP 60 after 89 days'
136.2091 	EXP 	fixation: autoDraw = True
136.3594 	EXP 	Device response: <KeyPress from None: t=136.1766815999872, value=t, duration=0.17689460000838153>
137.2093 	INFO 	Keyboard events cleared
137.2091 	EXP 	fixation: autoDraw = False
137.2091 	EXP 	text: autoDraw = True
137.4106 	DATA 	Keypress: l
137.4256 	EXP 	Device response: <KeyPress from None: t=137.4094004999788, value=l, duration=None>
137.4258 	EXP 	New trial (rep=14, index=4): <Trial 102 (4 in rep 14) data={'reward_today': np.int64(67), 'future_reward': np.int64(75), 'delay': np.int64(119), 'thisN': 102, 'thisTrialN': 4, 'thisRepN': 14}>
137.4421 	EXP 	fixation: autoDraw = False
137.4421 	EXP 	text: autoDraw = False
137.4421 	EXP 	text: height = np.float64(0.05)
137.4421 	EXP 	text: height = np.float64(0.05)
137.4421 	EXP 	text: height = np.float64(0.05)
137.4421 	EXP 	text: text = 'GBP 67 today or GBP 75 after 119 days'
137.4421 	EXP 	fixation: autoDraw = True
137.6426 	EXP 	Device response: <KeyPress from None: t=137.4094004999788, value=l, duration=0.22628280002390966>
138.4254 	INFO 	Keyboard events cleared
138.4252 	EXP 	text: autoDraw = True
138.4419 	EXP 	fixation: autoDraw = False
138.6754 	EXP 	Device response: <KeyPress from None: t=138.67404640000314, value=t, duration=None>
138.6758 	EXP 	New trial (rep=14, index=5): <Trial 103 (5 in rep 14) data={'reward_today': np.int64(40), 'future_reward': np.int64(55), 'delay': np.int64(62), 'thisN': 103, 'thisTrialN': 5, 'thisRepN': 14}>
138.6816 	DATA 	Keypress: t
138.6917 	EXP 	fixation: autoDraw = False
138.6917 	EXP 	text: autoDraw = False
138.6917 	EXP 	text: height = np.float64(0.05)
138.6917 	EXP 	text: height = np.float64(0.05)
138.6917 	EXP 	text: height = np.float64(0.05)
138.6917 	EXP 	text: text = 'GBP 40 today or GBP 55 after 62 days'
138.6917 	EXP 	fixation: autoDraw = True
138.9090 	EXP 	Device response: <KeyPress from None: t=138.67404640000314, value=t, duration=0.233952299982775>
139.6747 	INFO 	Keyboard events cleared
139.6745 	EXP 	text: autoDraw = True
139.6911 	EXP 	fixation: autoDraw = False
139.7750 	EXP 	Device response: <KeyPress from None: t=139.76399959999253, value=l, duration=None>
139.7753 	EXP 	New trial (rep=14, index=6): <Trial 104 (6 in rep 14) data={'reward_today': np.int64(15), 'future_reward': np.int64(35), 'delay': np.int64(13), 'thisN': 104, 'thisTrialN': 6, 'thisRepN': 14}>
139.7789 	DATA 	Keypress: l
139.7911 	EXP 	fixation: autoDraw = False
139.7911 	EXP 	text: autoDraw = False
139.7911 	EXP 	text: height = np.float64(0.05)
139.7911 	EXP 	text: height = np.float64(0.05)
139.7911 	EXP 	text: height = np.float64(0.05)
139.7911 	EXP 	text: text = 'GBP 15 today or GBP 35 after 13 days'
139.7911 	EXP 	fixation: autoDraw = True
139.9919 	EXP 	Device response: <KeyPress from None: t=139.76399959999253, value=l, duration=0.21550409999326803>
140.7744 	INFO 	Keyboard events cleared
140.7742 	EXP 	text: autoDraw = True
140.7912 	EXP 	fixation: autoDraw = False
140.9081 	EXP 	Device response: <KeyPress from None: t=140.8924686999817, value=t, duration=None>
140.9090 	DATA 	Keypress: t
140.9243 	EXP 	fixation: autoDraw = False
140.9243 	EXP 	text: autoDraw = False
140.9245 	EXP 	delay _discounting: status = STOPPED
140.9475 	INFO 	saved data to "C:\\Users\\Admin\\OneDrive\\Desktop\\LAB IN PSY'\\psychopy\\delay discounting\\data\\4_delay _discounting_2025-10-31_15h52.54.042.csv"
140.9486 	INFO 	saved data to C:\Users\Admin\OneDrive\Desktop\LAB IN PSY'\psychopy\delay discounting\data\4_delay _discounting_2025-10-31_15h52.54.042.psydat
141.2807 	WARNING 	Stopping key buffers but this could be dangerous ifother keyboards rely on the same.
141.3036 	WARNING 	Stopping key buffers but this could be dangerous ifother keyboards rely on the same.
